Info: Starting: Create block symbol file (.bsf)
Info: qsys-generate C:\Users\zdw7287\Downloads\Embedded-Systems-Design-I\cpet561\lab2\nios_system.qsys --block-symbol-file --output-directory=C:\Users\zdw7287\Downloads\Embedded-Systems-Design-I\cpet561\lab2\nios_system --family="Cyclone V" --part=5CSEMA5F31C6
Progress: Loading lab2/nios_system.qsys
Progress: Reading input file
Progress: Adding clk_0 [clock_source 15.1]
Progress: Parameterizing module clk_0
Progress: Adding i_switch [altera_avalon_pio 15.1]
Progress: Parameterizing module i_switch
Progress: Adding i_trigger [altera_avalon_pio 15.1]
Progress: Parameterizing module i_trigger
Progress: Adding jtag_uart_0 [altera_avalon_jtag_uart 15.1]
Progress: Parameterizing module jtag_uart_0
Progress: Adding nios2_gen2_0 [altera_nios2_gen2 15.1]
Progress: Parameterizing module nios2_gen2_0
Progress: Adding o_accumulator [altera_avalon_pio 15.1]
Progress: Parameterizing module o_accumulator
Progress: Adding onchip_memory2_0 [altera_avalon_onchip_memory2 15.1]
Progress: Parameterizing module onchip_memory2_0
Progress: Adding sysid_qsys_0 [altera_avalon_sysid_qsys 15.1]
Progress: Parameterizing module sysid_qsys_0
Progress: Building connections
Progress: Parameterizing connections
Progress: Validating
Progress: Done reading input file
Info: nios_system.i_switch: PIO inputs are not hardwired in test bench. Undefined values will be read from PIO inputs during simulation.
Info: nios_system.i_trigger: PIO inputs are not hardwired in test bench. Undefined values will be read from PIO inputs during simulation.
Info: nios_system.sysid_qsys_0: System ID is not assigned automatically. Edit the System ID parameter to provide a unique ID
Info: nios_system.sysid_qsys_0: Time stamp will be automatically updated when this component is generated.
Info: qsys-generate succeeded.
Info: Finished: Create block symbol file (.bsf)
Info: 
Info: Starting: Create HDL design files for synthesis
Info: qsys-generate C:\Users\zdw7287\Downloads\Embedded-Systems-Design-I\cpet561\lab2\nios_system.qsys --synthesis=VHDL --output-directory=C:\Users\zdw7287\Downloads\Embedded-Systems-Design-I\cpet561\lab2\nios_system\synthesis --family="Cyclone V" --part=5CSEMA5F31C6
Progress: Loading lab2/nios_system.qsys
Progress: Reading input file
Progress: Adding clk_0 [clock_source 15.1]
Progress: Parameterizing module clk_0
Progress: Adding i_switch [altera_avalon_pio 15.1]
Progress: Parameterizing module i_switch
Progress: Adding i_trigger [altera_avalon_pio 15.1]
Progress: Parameterizing module i_trigger
Progress: Adding jtag_uart_0 [altera_avalon_jtag_uart 15.1]
Progress: Parameterizing module jtag_uart_0
Progress: Adding nios2_gen2_0 [altera_nios2_gen2 15.1]
Progress: Parameterizing module nios2_gen2_0
Progress: Adding o_accumulator [altera_avalon_pio 15.1]
Progress: Parameterizing module o_accumulator
Progress: Adding onchip_memory2_0 [altera_avalon_onchip_memory2 15.1]
Progress: Parameterizing module onchip_memory2_0
Progress: Adding sysid_qsys_0 [altera_avalon_sysid_qsys 15.1]
Progress: Parameterizing module sysid_qsys_0
Progress: Building connections
Progress: Parameterizing connections
Progress: Validating
Progress: Done reading input file
Info: nios_system.i_switch: PIO inputs are not hardwired in test bench. Undefined values will be read from PIO inputs during simulation.
Info: nios_system.i_trigger: PIO inputs are not hardwired in test bench. Undefined values will be read from PIO inputs during simulation.
Info: nios_system.sysid_qsys_0: System ID is not assigned automatically. Edit the System ID parameter to provide a unique ID
Info: nios_system.sysid_qsys_0: Time stamp will be automatically updated when this component is generated.
Info: nios_system: Generating nios_system "nios_system" for QUARTUS_SYNTH
Info: i_switch: Starting RTL generation for module 'nios_system_i_switch'
Info: i_switch:   Generation command is [exec C:/altera/15.1/quartus/bin64/perl/bin/perl.exe -I C:/altera/15.1/quartus/bin64/perl/lib -I C:/altera/15.1/quartus/sopc_builder/bin/europa -I C:/altera/15.1/quartus/sopc_builder/bin/perl_lib -I C:/altera/15.1/quartus/sopc_builder/bin -I C:/altera/15.1/quartus/../ip/altera/sopc_builder_ip/common -I C:/altera/15.1/quartus/../ip/altera/sopc_builder_ip/altera_avalon_pio -- C:/altera/15.1/quartus/../ip/altera/sopc_builder_ip/altera_avalon_pio/generate_rtl.pl --name=nios_system_i_switch --dir=C:/Users/zdw7287/AppData/Local/Temp/alt7205_1330608864581020488.dir/0001_i_switch_gen/ --quartus_dir=C:/altera/15.1/quartus --verilog --config=C:/Users/zdw7287/AppData/Local/Temp/alt7205_1330608864581020488.dir/0001_i_switch_gen//nios_system_i_switch_component_configuration.pl  --do_build_sim=0  ]
Info: i_switch: Done RTL generation for module 'nios_system_i_switch'
Info: i_switch: "nios_system" instantiated altera_avalon_pio "i_switch"
Info: i_trigger: Starting RTL generation for module 'nios_system_i_trigger'
Info: i_trigger:   Generation command is [exec C:/altera/15.1/quartus/bin64/perl/bin/perl.exe -I C:/altera/15.1/quartus/bin64/perl/lib -I C:/altera/15.1/quartus/sopc_builder/bin/europa -I C:/altera/15.1/quartus/sopc_builder/bin/perl_lib -I C:/altera/15.1/quartus/sopc_builder/bin -I C:/altera/15.1/quartus/../ip/altera/sopc_builder_ip/common -I C:/altera/15.1/quartus/../ip/altera/sopc_builder_ip/altera_avalon_pio -- C:/altera/15.1/quartus/../ip/altera/sopc_builder_ip/altera_avalon_pio/generate_rtl.pl --name=nios_system_i_trigger --dir=C:/Users/zdw7287/AppData/Local/Temp/alt7205_1330608864581020488.dir/0002_i_trigger_gen/ --quartus_dir=C:/altera/15.1/quartus --verilog --config=C:/Users/zdw7287/AppData/Local/Temp/alt7205_1330608864581020488.dir/0002_i_trigger_gen//nios_system_i_trigger_component_configuration.pl  --do_build_sim=0  ]
Info: i_trigger: Done RTL generation for module 'nios_system_i_trigger'
Info: i_trigger: "nios_system" instantiated altera_avalon_pio "i_trigger"
Info: jtag_uart_0: Starting RTL generation for module 'nios_system_jtag_uart_0'
Info: jtag_uart_0:   Generation command is [exec C:/altera/15.1/quartus/bin64/perl/bin/perl.exe -I C:/altera/15.1/quartus/bin64/perl/lib -I C:/altera/15.1/quartus/sopc_builder/bin/europa -I C:/altera/15.1/quartus/sopc_builder/bin/perl_lib -I C:/altera/15.1/quartus/sopc_builder/bin -I C:/altera/15.1/quartus/../ip/altera/sopc_builder_ip/common -I C:/altera/15.1/quartus/../ip/altera/sopc_builder_ip/altera_avalon_jtag_uart -- C:/altera/15.1/quartus/../ip/altera/sopc_builder_ip/altera_avalon_jtag_uart/generate_rtl.pl --name=nios_system_jtag_uart_0 --dir=C:/Users/zdw7287/AppData/Local/Temp/alt7205_1330608864581020488.dir/0003_jtag_uart_0_gen/ --quartus_dir=C:/altera/15.1/quartus --verilog --config=C:/Users/zdw7287/AppData/Local/Temp/alt7205_1330608864581020488.dir/0003_jtag_uart_0_gen//nios_system_jtag_uart_0_component_configuration.pl  --do_build_sim=0  ]
Info: jtag_uart_0: Done RTL generation for module 'nios_system_jtag_uart_0'
Info: jtag_uart_0: "nios_system" instantiated altera_avalon_jtag_uart "jtag_uart_0"
Info: nios2_gen2_0: "nios_system" instantiated altera_nios2_gen2 "nios2_gen2_0"
Info: o_accumulator: Starting RTL generation for module 'nios_system_o_accumulator'
Info: o_accumulator:   Generation command is [exec C:/altera/15.1/quartus/bin64/perl/bin/perl.exe -I C:/altera/15.1/quartus/bin64/perl/lib -I C:/altera/15.1/quartus/sopc_builder/bin/europa -I C:/altera/15.1/quartus/sopc_builder/bin/perl_lib -I C:/altera/15.1/quartus/sopc_builder/bin -I C:/altera/15.1/quartus/../ip/altera/sopc_builder_ip/common -I C:/altera/15.1/quartus/../ip/altera/sopc_builder_ip/altera_avalon_pio -- C:/altera/15.1/quartus/../ip/altera/sopc_builder_ip/altera_avalon_pio/generate_rtl.pl --name=nios_system_o_accumulator --dir=C:/Users/zdw7287/AppData/Local/Temp/alt7205_1330608864581020488.dir/0004_o_accumulator_gen/ --quartus_dir=C:/altera/15.1/quartus --verilog --config=C:/Users/zdw7287/AppData/Local/Temp/alt7205_1330608864581020488.dir/0004_o_accumulator_gen//nios_system_o_accumulator_component_configuration.pl  --do_build_sim=0  ]
Info: o_accumulator: Done RTL generation for module 'nios_system_o_accumulator'
Info: o_accumulator: "nios_system" instantiated altera_avalon_pio "o_accumulator"
Info: onchip_memory2_0: Starting RTL generation for module 'nios_system_onchip_memory2_0'
Info: onchip_memory2_0:   Generation command is [exec C:/altera/15.1/quartus/bin64/perl/bin/perl.exe -I C:/altera/15.1/quartus/bin64/perl/lib -I C:/altera/15.1/quartus/sopc_builder/bin/europa -I C:/altera/15.1/quartus/sopc_builder/bin/perl_lib -I C:/altera/15.1/quartus/sopc_builder/bin -I C:/altera/15.1/quartus/../ip/altera/sopc_builder_ip/common -I C:/altera/15.1/quartus/../ip/altera/sopc_builder_ip/altera_avalon_onchip_memory2 -- C:/altera/15.1/quartus/../ip/altera/sopc_builder_ip/altera_avalon_onchip_memory2/generate_rtl.pl --name=nios_system_onchip_memory2_0 --dir=C:/Users/zdw7287/AppData/Local/Temp/alt7205_1330608864581020488.dir/0005_onchip_memory2_0_gen/ --quartus_dir=C:/altera/15.1/quartus --verilog --config=C:/Users/zdw7287/AppData/Local/Temp/alt7205_1330608864581020488.dir/0005_onchip_memory2_0_gen//nios_system_onchip_memory2_0_component_configuration.pl  --do_build_sim=0  ]
Info: onchip_memory2_0: Done RTL generation for module 'nios_system_onchip_memory2_0'
Info: onchip_memory2_0: "nios_system" instantiated altera_avalon_onchip_memory2 "onchip_memory2_0"
Info: sysid_qsys_0: "nios_system" instantiated altera_avalon_sysid_qsys "sysid_qsys_0"
Info: avalon_st_adapter: Inserting error_adapter: error_adapter_0
Info: avalon_st_adapter_001: Inserting error_adapter: error_adapter_0
Info: avalon_st_adapter_002: Inserting error_adapter: error_adapter_0
Info: avalon_st_adapter_003: Inserting error_adapter: error_adapter_0
Info: avalon_st_adapter_004: Inserting error_adapter: error_adapter_0
Info: avalon_st_adapter_005: Inserting error_adapter: error_adapter_0
Info: avalon_st_adapter_006: Inserting error_adapter: error_adapter_0
Info: mm_interconnect_0: "nios_system" instantiated altera_mm_interconnect "mm_interconnect_0"
Info: irq_mapper: "nios_system" instantiated altera_irq_mapper "irq_mapper"
Info: rst_controller: "nios_system" instantiated altera_reset_controller "rst_controller"
Info: cpu: Starting RTL generation for module 'nios_system_nios2_gen2_0_cpu'
Info: cpu:   Generation command is [exec C:/altera/15.1/quartus/bin64//eperlcmd.exe -I C:/altera/15.1/quartus/bin64//perl/lib -I C:/altera/15.1/quartus/sopc_builder/bin/europa -I C:/altera/15.1/quartus/sopc_builder/bin/perl_lib -I C:/altera/15.1/quartus/sopc_builder/bin -I C:/altera/15.1/quartus/../ip/altera/nios2_ip/altera_nios2_gen2/cpu_lib -I C:/altera/15.1/quartus/../ip/altera/nios2_ip/altera_nios2_gen2/nios_lib -I C:/altera/15.1/quartus/../ip/altera/nios2_ip/altera_nios2_gen2 -I C:/altera/15.1/quartus/../ip/altera/nios2_ip/altera_nios2_gen2 -- C:/altera/15.1/quartus/../ip/altera/nios2_ip/altera_nios2_gen2/generate_rtl.epl --name=nios_system_nios2_gen2_0_cpu --dir=C:/Users/zdw7287/AppData/Local/Temp/alt7205_1330608864581020488.dir/0009_cpu_gen/ --quartus_bindir=C:/altera/15.1/quartus/bin64/ --verilog --config=C:/Users/zdw7287/AppData/Local/Temp/alt7205_1330608864581020488.dir/0009_cpu_gen//nios_system_nios2_gen2_0_cpu_processor_configuration.pl  --do_build_sim=0  ]
Info: cpu: # 2017.02.08 15:40:03 (*) Starting Nios II generation
Info: cpu: # 2017.02.08 15:40:03 (*)   Checking for plaintext license.
Info: cpu: # 2017.02.08 15:40:07 (*)   Couldn't query license setup in Quartus directory C:/altera/15.1/quartus/bin64/
Info: cpu: # 2017.02.08 15:40:07 (*)   Defaulting to contents of LM_LICENSE_FILE environment variable
Info: cpu: # 2017.02.08 15:40:07 (*)   Plaintext license not found.
Info: cpu: # 2017.02.08 15:40:07 (*)   No license required to generate encrypted Nios II/e.
Info: cpu: # 2017.02.08 15:40:07 (*)   Elaborating CPU configuration settings
Info: cpu: # 2017.02.08 15:40:07 (*)   Creating all objects for CPU
Info: cpu: # 2017.02.08 15:40:08 (*)   Generating RTL from CPU objects
Info: cpu: # 2017.02.08 15:40:08 (*)   Creating plain-text RTL
Info: cpu: # 2017.02.08 15:40:09 (*) Done Nios II generation
Info: cpu: Done RTL generation for module 'nios_system_nios2_gen2_0_cpu'
Info: cpu: "nios2_gen2_0" instantiated altera_nios2_gen2_unit "cpu"
Info: nios2_gen2_0_data_master_translator: "mm_interconnect_0" instantiated altera_merlin_master_translator "nios2_gen2_0_data_master_translator"
Info: jtag_uart_0_avalon_jtag_slave_translator: "mm_interconnect_0" instantiated altera_merlin_slave_translator "jtag_uart_0_avalon_jtag_slave_translator"
Info: nios2_gen2_0_data_master_agent: "mm_interconnect_0" instantiated altera_merlin_master_agent "nios2_gen2_0_data_master_agent"
Info: jtag_uart_0_avalon_jtag_slave_agent: "mm_interconnect_0" instantiated altera_merlin_slave_agent "jtag_uart_0_avalon_jtag_slave_agent"
Info: jtag_uart_0_avalon_jtag_slave_agent_rsp_fifo: "mm_interconnect_0" instantiated altera_avalon_sc_fifo "jtag_uart_0_avalon_jtag_slave_agent_rsp_fifo"
Info: router: "mm_interconnect_0" instantiated altera_merlin_router "router"
Info: router_001: "mm_interconnect_0" instantiated altera_merlin_router "router_001"
Info: router_002: "mm_interconnect_0" instantiated altera_merlin_router "router_002"
Info: router_004: "mm_interconnect_0" instantiated altera_merlin_router "router_004"
Info: cmd_demux: "mm_interconnect_0" instantiated altera_merlin_demultiplexer "cmd_demux"
Info: cmd_demux_001: "mm_interconnect_0" instantiated altera_merlin_demultiplexer "cmd_demux_001"
Info: cmd_mux: "mm_interconnect_0" instantiated altera_merlin_multiplexer "cmd_mux"
Info: cmd_mux_002: "mm_interconnect_0" instantiated altera_merlin_multiplexer "cmd_mux_002"
Info: Reusing file C:/Users/zdw7287/Downloads/Embedded-Systems-Design-I/cpet561/lab2/nios_system/synthesis/submodules/altera_merlin_arbitrator.sv
Info: rsp_demux: "mm_interconnect_0" instantiated altera_merlin_demultiplexer "rsp_demux"
Info: rsp_mux: "mm_interconnect_0" instantiated altera_merlin_multiplexer "rsp_mux"
Info: Reusing file C:/Users/zdw7287/Downloads/Embedded-Systems-Design-I/cpet561/lab2/nios_system/synthesis/submodules/altera_merlin_arbitrator.sv
Info: rsp_mux_001: "mm_interconnect_0" instantiated altera_merlin_multiplexer "rsp_mux_001"
Info: Reusing file C:/Users/zdw7287/Downloads/Embedded-Systems-Design-I/cpet561/lab2/nios_system/synthesis/submodules/altera_merlin_arbitrator.sv
Info: avalon_st_adapter: "mm_interconnect_0" instantiated altera_avalon_st_adapter "avalon_st_adapter"
Info: error_adapter_0: "avalon_st_adapter" instantiated error_adapter "error_adapter_0"
Info: nios_system: Done "nios_system" with 30 modules, 43 files
Info: qsys-generate succeeded.
Info: Finished: Create HDL design files for synthesis
