16:33:18 **** Build of configuration Nios II for project nios_software_bsp ****
make all 
[BSP build complete]
16:33:24 **** Incremental Build of configuration Nios II for project nios_software ****
make all 
Info: Building ../nios_software_bsp/
C:/altera/15.1/nios2eds/bin/gnu/H-x86_64-mingw32/bin/make --no-print-directory -C ../nios_software_bsp/
[BSP build complete]
[nios_software build complete]
16:34:56 **** Incremental Build of configuration Nios II for project nios_software ****
make all 
Info: Building ../nios_software_bsp/
C:/altera/15.1/nios2eds/bin/gnu/H-x86_64-mingw32/bin/make --no-print-directory -C ../nios_software_bsp/
[BSP build complete]
Info: Compiling interrupt_main.c to obj/default/interrupt_main.o
nios2-elf-gcc -xc -MP -MMD -c -I../nios_software_bsp//HAL/inc -I../nios_software_bsp/ -I../nios_software_bsp//drivers/inc  -pipe -D__hal__ -DALT_NO_INSTRUCTION_EMULATION -DALT_SINGLE_THREADED    -O0 -g -Wall   -mno-hw-div -mno-hw-mul -mno-hw-mulx  -o obj/default/interrupt_main.o interrupt_main.c
In file included from ../nios_software_bsp//HAL/inc/sys/alt_irq.h:52:0,
                 from interrupt_main.c:1:
interrupt_main.c: In function 'main':
../nios_software_bsp/system.h:237:28: warning: passing argument 2 of 'alt_ic_isr_register' makes integer from pointer without a cast
 #define I_TRIGGER_IRQ_TYPE "EDGE"
                            ^
interrupt_main.c:61:62: note: in expansion of macro 'I_TRIGGER_IRQ_TYPE'
   alt_ic_isr_register(I_TRIGGER_IRQ_INTERRUPT_CONTROLLER_ID, I_TRIGGER_IRQ_TYPE,
                                                              ^
In file included from interrupt_main.c:1:0:
../nios_software_bsp//HAL/inc/sys/alt_irq.h:195:12: note: expected 'alt_u32' but argument is of type 'char *'
 extern int alt_ic_isr_register(alt_u32 ic_id,
            ^
Info: Linking nios_software.elf
nios2-elf-g++  -T'../nios_software_bsp//linker.x' -msys-crt0='../nios_software_bsp//obj/HAL/src/crt0.o' -msys-lib=hal_bsp -L../nios_software_bsp/   -Wl,-Map=nios_software.map   -O0 -g -Wall   -mno-hw-div -mno-hw-mul -mno-hw-mulx  -o nios_software.elf obj/default/interrupt_main.o -lm -msys-lib=m
nios2-elf-insert nios_software.elf --thread_model hal --cpu_name nios2_gen2_0 --qsys true --simulation_enabled false --id 2 --sidp 0x11030 --timestamp 1486586523 --stderr_dev jtag_uart_0 --stdin_dev jtag_uart_0 --stdout_dev jtag_uart_0 --sopc_system_name nios_system --quartus_project_dir "C:/Users/zdw7287/Downloads/Embedded-Systems-Design-I/cpet561/lab2" --jdi ../..//output_files/accumulator.jdi --sopcinfo C:/Users/zdw7287/Downloads/Embedded-Systems-Design-I/cpet561/lab2/software/nios_software_bsp/../../nios_system.sopcinfo
Info: (nios_software.elf) 15 KBytes program size (code + initialized data).
Info:                     10 KBytes free for stack + heap.
Info: Creating nios_software.objdump
nios2-elf-objdump --disassemble --syms --all-header --source nios_software.elf >nios_software.objdump
[nios_software build complete]
16:36:53 **** Incremental Build of configuration Nios II for project nios_software ****
make all 
Info: Building ../nios_software_bsp/
C:/altera/15.1/nios2eds/bin/gnu/H-x86_64-mingw32/bin/make --no-print-directory -C ../nios_software_bsp/
[BSP build complete]
Info: Compiling interrupt_main.c to obj/default/interrupt_main.o
nios2-elf-gcc -xc -MP -MMD -c -I../nios_software_bsp//HAL/inc -I../nios_software_bsp/ -I../nios_software_bsp//drivers/inc  -pipe -D__hal__ -DALT_NO_INSTRUCTION_EMULATION -DALT_SINGLE_THREADED    -O0 -g -Wall   -mno-hw-div -mno-hw-mul -mno-hw-mulx  -o obj/default/interrupt_main.o interrupt_main.c
In file included from ../nios_software_bsp//HAL/inc/sys/alt_irq.h:52:0,
                 from interrupt_main.c:1:
interrupt_main.c: In function 'main':
../nios_software_bsp/system.h:237:28: warning: passing argument 2 of 'alt_ic_isr_register' makes integer from pointer without a cast
 #define I_TRIGGER_IRQ_TYPE "EDGE"
                            ^
interrupt_main.c:61:62: note: in expansion of macro 'I_TRIGGER_IRQ_TYPE'
   alt_ic_isr_register(I_TRIGGER_IRQ_INTERRUPT_CONTROLLER_ID, I_TRIGGER_IRQ_TYPE,
                                                              ^
In file included from interrupt_main.c:1:0:
../nios_software_bsp//HAL/inc/sys/alt_irq.h:195:12: note: expected 'alt_u32' but argument is of type 'char *'
 extern int alt_ic_isr_register(alt_u32 ic_id,
            ^
Info: Linking nios_software.elf
nios2-elf-g++  -T'../nios_software_bsp//linker.x' -msys-crt0='../nios_software_bsp//obj/HAL/src/crt0.o' -msys-lib=hal_bsp -L../nios_software_bsp/   -Wl,-Map=nios_software.map   -O0 -g -Wall   -mno-hw-div -mno-hw-mul -mno-hw-mulx  -o nios_software.elf obj/default/interrupt_main.o -lm -msys-lib=m
nios2-elf-insert nios_software.elf --thread_model hal --cpu_name nios2_gen2_0 --qsys true --simulation_enabled false --id 2 --sidp 0x11030 --timestamp 1486586523 --stderr_dev jtag_uart_0 --stdin_dev jtag_uart_0 --stdout_dev jtag_uart_0 --sopc_system_name nios_system --quartus_project_dir "C:/Users/zdw7287/Downloads/Embedded-Systems-Design-I/cpet561/lab2" --jdi ../..//output_files/accumulator.jdi --sopcinfo C:/Users/zdw7287/Downloads/Embedded-Systems-Design-I/cpet561/lab2/software/nios_software_bsp/../../nios_system.sopcinfo
Info: (nios_software.elf) 15 KBytes program size (code + initialized data).
Info:                     10 KBytes free for stack + heap.
Info: Creating nios_software.objdump
nios2-elf-objdump --disassemble --syms --all-header --source nios_software.elf >nios_software.objdump
[nios_software build complete]
16:38:00 **** Incremental Build of configuration Nios II for project nios_software ****
make all 
Info: Building ../nios_software_bsp/
C:/altera/15.1/nios2eds/bin/gnu/H-x86_64-mingw32/bin/make --no-print-directory -C ../nios_software_bsp/
[BSP build complete]
Info: Compiling interrupt_main.c to obj/default/interrupt_main.o
nios2-elf-gcc -xc -MP -MMD -c -I../nios_software_bsp//HAL/inc -I../nios_software_bsp/ -I../nios_software_bsp//drivers/inc  -pipe -D__hal__ -DALT_NO_INSTRUCTION_EMULATION -DALT_SINGLE_THREADED    -O0 -g -Wall   -mno-hw-div -mno-hw-mul -mno-hw-mulx  -o obj/default/interrupt_main.o interrupt_main.c
In file included from ../nios_software_bsp//HAL/inc/sys/alt_irq.h:52:0,
                 from interrupt_main.c:1:
interrupt_main.c: In function 'main':
../nios_software_bsp/system.h:237:28: warning: passing argument 2 of 'alt_ic_isr_register' makes integer from pointer without a cast
 #define I_TRIGGER_IRQ_TYPE "EDGE"
                            ^
interrupt_main.c:61:62: note: in expansion of macro 'I_TRIGGER_IRQ_TYPE'
   alt_ic_isr_register(I_TRIGGER_IRQ_INTERRUPT_CONTROLLER_ID, I_TRIGGER_IRQ_TYPE,
                                                              ^
In file included from interrupt_main.c:1:0:
../nios_software_bsp//HAL/inc/sys/alt_irq.h:195:12: note: expected 'alt_u32' but argument is of type 'char *'
 extern int alt_ic_isr_register(alt_u32 ic_id,
            ^
Info: Linking nios_software.elf
nios2-elf-g++  -T'../nios_software_bsp//linker.x' -msys-crt0='../nios_software_bsp//obj/HAL/src/crt0.o' -msys-lib=hal_bsp -L../nios_software_bsp/   -Wl,-Map=nios_software.map   -O0 -g -Wall   -mno-hw-div -mno-hw-mul -mno-hw-mulx  -o nios_software.elf obj/default/interrupt_main.o -lm -msys-lib=m
nios2-elf-insert nios_software.elf --thread_model hal --cpu_name nios2_gen2_0 --qsys true --simulation_enabled false --id 2 --sidp 0x11030 --timestamp 1486586523 --stderr_dev jtag_uart_0 --stdin_dev jtag_uart_0 --stdout_dev jtag_uart_0 --sopc_system_name nios_system --quartus_project_dir "C:/Users/zdw7287/Downloads/Embedded-Systems-Design-I/cpet561/lab2" --jdi ../..//output_files/accumulator.jdi --sopcinfo C:/Users/zdw7287/Downloads/Embedded-Systems-Design-I/cpet561/lab2/software/nios_software_bsp/../../nios_system.sopcinfo
Info: (nios_software.elf) 15 KBytes program size (code + initialized data).
Info:                     10 KBytes free for stack + heap.
Info: Creating nios_software.objdump
nios2-elf-objdump --disassemble --syms --all-header --source nios_software.elf >nios_software.objdump
[nios_software build complete]
16:39:03 **** Incremental Build of configuration Nios II for project nios_software ****
make all 
Info: Building ../nios_software_bsp/
C:/altera/15.1/nios2eds/bin/gnu/H-x86_64-mingw32/bin/make --no-print-directory -C ../nios_software_bsp/
[BSP build complete]
[nios_software build complete]
16:42:20 **** Incremental Build of configuration Nios II for project nios_software ****
make all 
Info: Building ../nios_software_bsp/
C:/altera/15.1/nios2eds/bin/gnu/H-x86_64-mingw32/bin/make --no-print-directory -C ../nios_software_bsp/
[BSP build complete]
Info: Compiling interrupt_main.c to obj/default/interrupt_main.o
nios2-elf-gcc -xc -MP -MMD -c -I../nios_software_bsp//HAL/inc -I../nios_software_bsp/ -I../nios_software_bsp//drivers/inc  -pipe -D__hal__ -DALT_NO_INSTRUCTION_EMULATION -DALT_SINGLE_THREADED    -O0 -g -Wall   -mno-hw-div -mno-hw-mul -mno-hw-mulx  -o obj/default/interrupt_main.o interrupt_main.c
In file included from ../nios_software_bsp//HAL/inc/sys/alt_irq.h:52:0,
                 from interrupt_main.c:1:
interrupt_main.c: In function 'main':
../nios_software_bsp/system.h:237:28: warning: passing argument 2 of 'alt_ic_isr_register' makes integer from pointer without a cast
 #define I_TRIGGER_IRQ_TYPE "EDGE"
                            ^
interrupt_main.c:57:62: note: in expansion of macro 'I_TRIGGER_IRQ_TYPE'
   alt_ic_isr_register(I_TRIGGER_IRQ_INTERRUPT_CONTROLLER_ID, I_TRIGGER_IRQ_TYPE,
                                                              ^
In file included from interrupt_main.c:1:0:
../nios_software_bsp//HAL/inc/sys/alt_irq.h:195:12: note: expected 'alt_u32' but argument is of type 'char *'
 extern int alt_ic_isr_register(alt_u32 ic_id,
            ^
Info: Linking nios_software.elf
nios2-elf-g++  -T'../nios_software_bsp//linker.x' -msys-crt0='../nios_software_bsp//obj/HAL/src/crt0.o' -msys-lib=hal_bsp -L../nios_software_bsp/   -Wl,-Map=nios_software.map   -O0 -g -Wall   -mno-hw-div -mno-hw-mul -mno-hw-mulx  -o nios_software.elf obj/default/interrupt_main.o -lm -msys-lib=m
nios2-elf-insert nios_software.elf --thread_model hal --cpu_name nios2_gen2_0 --qsys true --simulation_enabled false --id 2 --sidp 0x11030 --timestamp 1486586523 --stderr_dev jtag_uart_0 --stdin_dev jtag_uart_0 --stdout_dev jtag_uart_0 --sopc_system_name nios_system --quartus_project_dir "C:/Users/zdw7287/Downloads/Embedded-Systems-Design-I/cpet561/lab2" --jdi ../..//output_files/accumulator.jdi --sopcinfo C:/Users/zdw7287/Downloads/Embedded-Systems-Design-I/cpet561/lab2/software/nios_software_bsp/../../nios_system.sopcinfo
Info: (nios_software.elf) 15 KBytes program size (code + initialized data).
Info:                     10 KBytes free for stack + heap.
Info: Creating nios_software.objdump
nios2-elf-objdump --disassemble --syms --all-header --source nios_software.elf >nios_software.objdump
[nios_software build complete]
16:43:00 **** Incremental Build of configuration Nios II for project nios_software ****
make all 
Info: Building ../nios_software_bsp/
C:/altera/15.1/nios2eds/bin/gnu/H-x86_64-mingw32/bin/make --no-print-directory -C ../nios_software_bsp/
[BSP build complete]
Info: Compiling interrupt_main.c to obj/default/interrupt_main.o
nios2-elf-gcc -xc -MP -MMD -c -I../nios_software_bsp//HAL/inc -I../nios_software_bsp/ -I../nios_software_bsp//drivers/inc  -pipe -D__hal__ -DALT_NO_INSTRUCTION_EMULATION -DALT_SINGLE_THREADED    -O0 -g -Wall   -mno-hw-div -mno-hw-mul -mno-hw-mulx  -o obj/default/interrupt_main.o interrupt_main.c
In file included from ../nios_software_bsp//HAL/inc/sys/alt_irq.h:52:0,
                 from interrupt_main.c:1:
interrupt_main.c: In function 'main':
../nios_software_bsp/system.h:237:28: warning: passing argument 2 of 'alt_ic_isr_register' makes integer from pointer without a cast
 #define I_TRIGGER_IRQ_TYPE "EDGE"
                            ^
interrupt_main.c:57:62: note: in expansion of macro 'I_TRIGGER_IRQ_TYPE'
   alt_ic_isr_register(I_TRIGGER_IRQ_INTERRUPT_CONTROLLER_ID, I_TRIGGER_IRQ_TYPE,
                                                              ^
In file included from interrupt_main.c:1:0:
../nios_software_bsp//HAL/inc/sys/alt_irq.h:195:12: note: expected 'alt_u32' but argument is of type 'char *'
 extern int alt_ic_isr_register(alt_u32 ic_id,
            ^
Info: Linking nios_software.elf
nios2-elf-g++  -T'../nios_software_bsp//linker.x' -msys-crt0='../nios_software_bsp//obj/HAL/src/crt0.o' -msys-lib=hal_bsp -L../nios_software_bsp/   -Wl,-Map=nios_software.map   -O0 -g -Wall   -mno-hw-div -mno-hw-mul -mno-hw-mulx  -o nios_software.elf obj/default/interrupt_main.o -lm -msys-lib=m
nios2-elf-insert nios_software.elf --thread_model hal --cpu_name nios2_gen2_0 --qsys true --simulation_enabled false --id 2 --sidp 0x11030 --timestamp 1486586523 --stderr_dev jtag_uart_0 --stdin_dev jtag_uart_0 --stdout_dev jtag_uart_0 --sopc_system_name nios_system --quartus_project_dir "C:/Users/zdw7287/Downloads/Embedded-Systems-Design-I/cpet561/lab2" --jdi ../..//output_files/accumulator.jdi --sopcinfo C:/Users/zdw7287/Downloads/Embedded-Systems-Design-I/cpet561/lab2/software/nios_software_bsp/../../nios_system.sopcinfo
Info: (nios_software.elf) 15 KBytes program size (code + initialized data).
Info:                     10 KBytes free for stack + heap.
Info: Creating nios_software.objdump
nios2-elf-objdump --disassemble --syms --all-header --source nios_software.elf >nios_software.objdump
[nios_software build complete]
16:58:25 **** Incremental Build of configuration Nios II for project nios_software ****
make all 
Info: Building ../nios_software_bsp/
C:/altera/15.1/nios2eds/bin/gnu/H-x86_64-mingw32/bin/make --no-print-directory -C ../nios_software_bsp/
[BSP build complete]
Info: Compiling interrupt_main.c to obj/default/interrupt_main.o
nios2-elf-gcc -xc -MP -MMD -c -I../nios_software_bsp//HAL/inc -I../nios_software_bsp/ -I../nios_software_bsp//drivers/inc  -pipe -D__hal__ -DALT_NO_INSTRUCTION_EMULATION -DALT_SINGLE_THREADED    -O0 -g -Wall   -mno-hw-div -mno-hw-mul -mno-hw-mulx  -o obj/default/interrupt_main.o interrupt_main.c
In file included from ../nios_software_bsp//HAL/inc/sys/alt_irq.h:52:0,
                 from interrupt_main.c:1:
interrupt_main.c: In function 'main':
../nios_software_bsp/system.h:237:28: warning: passing argument 2 of 'alt_ic_isr_register' makes integer from pointer without a cast
 #define I_TRIGGER_IRQ_TYPE "EDGE"
                            ^
interrupt_main.c:56:62: note: in expansion of macro 'I_TRIGGER_IRQ_TYPE'
   alt_ic_isr_register(I_TRIGGER_IRQ_INTERRUPT_CONTROLLER_ID, I_TRIGGER_IRQ_TYPE,
                                                              ^
In file included from interrupt_main.c:1:0:
../nios_software_bsp//HAL/inc/sys/alt_irq.h:195:12: note: expected 'alt_u32' but argument is of type 'char *'
 extern int alt_ic_isr_register(alt_u32 ic_id,
            ^
interrupt_main.c:57:38: warning: passing argument 4 of 'alt_ic_isr_register' makes pointer from integer without a cast
                       pushButtonIsr, 1, 0);
                                      ^
In file included from interrupt_main.c:1:0:
../nios_software_bsp//HAL/inc/sys/alt_irq.h:195:12: note: expected 'void *' but argument is of type 'int'
 extern int alt_ic_isr_register(alt_u32 ic_id,
            ^
Info: Linking nios_software.elf
nios2-elf-g++  -T'../nios_software_bsp//linker.x' -msys-crt0='../nios_software_bsp//obj/HAL/src/crt0.o' -msys-lib=hal_bsp -L../nios_software_bsp/   -Wl,-Map=nios_software.map   -O0 -g -Wall   -mno-hw-div -mno-hw-mul -mno-hw-mulx  -o nios_software.elf obj/default/interrupt_main.o -lm -msys-lib=m
nios2-elf-insert nios_software.elf --thread_model hal --cpu_name nios2_gen2_0 --qsys true --simulation_enabled false --id 2 --sidp 0x11030 --timestamp 1486586523 --stderr_dev jtag_uart_0 --stdin_dev jtag_uart_0 --stdout_dev jtag_uart_0 --sopc_system_name nios_system --quartus_project_dir "C:/Users/zdw7287/Downloads/Embedded-Systems-Design-I/cpet561/lab2" --jdi ../..//output_files/accumulator.jdi --sopcinfo C:/Users/zdw7287/Downloads/Embedded-Systems-Design-I/cpet561/lab2/software/nios_software_bsp/../../nios_system.sopcinfo
Info: (nios_software.elf) 15 KBytes program size (code + initialized data).
Info:                     10 KBytes free for stack + heap.
Info: Creating nios_software.objdump
nios2-elf-objdump --disassemble --syms --all-header --source nios_software.elf >nios_software.objdump
[nios_software build complete]
16:59:39 **** Incremental Build of configuration Nios II for project nios_software ****
make all 
Info: Building ../nios_software_bsp/
C:/altera/15.1/nios2eds/bin/gnu/H-x86_64-mingw32/bin/make --no-print-directory -C ../nios_software_bsp/
[BSP build complete]
Info: Compiling interrupt_main.c to obj/default/interrupt_main.o
nios2-elf-gcc -xc -MP -MMD -c -I../nios_software_bsp//HAL/inc -I../nios_software_bsp/ -I../nios_software_bsp//drivers/inc  -pipe -D__hal__ -DALT_NO_INSTRUCTION_EMULATION -DALT_SINGLE_THREADED    -O0 -g -Wall   -mno-hw-div -mno-hw-mul -mno-hw-mulx  -o obj/default/interrupt_main.o interrupt_main.c
In file included from ../nios_software_bsp//HAL/inc/sys/alt_irq.h:52:0,
                 from interrupt_main.c:1:
interrupt_main.c: In function 'main':
../nios_software_bsp/system.h:237:28: warning: passing argument 2 of 'alt_ic_isr_register' makes integer from pointer without a cast
 #define I_TRIGGER_IRQ_TYPE "EDGE"
                            ^
interrupt_main.c:56:62: note: in expansion of macro 'I_TRIGGER_IRQ_TYPE'
   alt_ic_isr_register(I_TRIGGER_IRQ_INTERRUPT_CONTROLLER_ID, I_TRIGGER_IRQ_TYPE,
                                                              ^
In file included from interrupt_main.c:1:0:
../nios_software_bsp//HAL/inc/sys/alt_irq.h:195:12: note: expected 'alt_u32' but argument is of type 'char *'
 extern int alt_ic_isr_register(alt_u32 ic_id,
            ^
Info: Linking nios_software.elf
nios2-elf-g++  -T'../nios_software_bsp//linker.x' -msys-crt0='../nios_software_bsp//obj/HAL/src/crt0.o' -msys-lib=hal_bsp -L../nios_software_bsp/   -Wl,-Map=nios_software.map   -O0 -g -Wall   -mno-hw-div -mno-hw-mul -mno-hw-mulx  -o nios_software.elf obj/default/interrupt_main.o -lm -msys-lib=m
nios2-elf-insert nios_software.elf --thread_model hal --cpu_name nios2_gen2_0 --qsys true --simulation_enabled false --id 2 --sidp 0x11030 --timestamp 1486586523 --stderr_dev jtag_uart_0 --stdin_dev jtag_uart_0 --stdout_dev jtag_uart_0 --sopc_system_name nios_system --quartus_project_dir "C:/Users/zdw7287/Downloads/Embedded-Systems-Design-I/cpet561/lab2" --jdi ../..//output_files/accumulator.jdi --sopcinfo C:/Users/zdw7287/Downloads/Embedded-Systems-Design-I/cpet561/lab2/software/nios_software_bsp/../../nios_system.sopcinfo
Info: (nios_software.elf) 15 KBytes program size (code + initialized data).
Info:                     10 KBytes free for stack + heap.
Info: Creating nios_software.objdump
nios2-elf-objdump --disassemble --syms --all-header --source nios_software.elf >nios_software.objdump
[nios_software build complete]
17:01:11 **** Incremental Build of configuration Nios II for project nios_software ****
make all 
Info: Building ../nios_software_bsp/
C:/altera/15.1/nios2eds/bin/gnu/H-x86_64-mingw32/bin/make --no-print-directory -C ../nios_software_bsp/
[BSP build complete]
Info: Compiling interrupt_main.c to obj/default/interrupt_main.o
nios2-elf-gcc -xc -MP -MMD -c -I../nios_software_bsp//HAL/inc -I../nios_software_bsp/ -I../nios_software_bsp//drivers/inc  -pipe -D__hal__ -DALT_NO_INSTRUCTION_EMULATION -DALT_SINGLE_THREADED    -O0 -g -Wall   -mno-hw-div -mno-hw-mul -mno-hw-mulx  -o obj/default/interrupt_main.o interrupt_main.c
In file included from ../nios_software_bsp//HAL/inc/sys/alt_irq.h:52:0,
                 from interrupt_main.c:1:
interrupt_main.c: In function 'main':
../nios_software_bsp/system.h:237:28: warning: passing argument 2 of 'alt_ic_isr_register' makes integer from pointer without a cast
 #define I_TRIGGER_IRQ_TYPE "EDGE"
                            ^
interrupt_main.c:56:62: note: in expansion of macro 'I_TRIGGER_IRQ_TYPE'
   alt_ic_isr_register(I_TRIGGER_IRQ_INTERRUPT_CONTROLLER_ID, I_TRIGGER_IRQ_TYPE,
                                                              ^
In file included from interrupt_main.c:1:0:
../nios_software_bsp//HAL/inc/sys/alt_irq.h:195:12: note: expected 'alt_u32' but argument is of type 'char *'
 extern int alt_ic_isr_register(alt_u32 ic_id,
            ^
interrupt_main.c:57:41: warning: passing argument 5 of 'alt_ic_isr_register' makes pointer from integer without a cast
                       pushButtonIsr, 0, 1);
                                         ^
In file included from interrupt_main.c:1:0:
../nios_software_bsp//HAL/inc/sys/alt_irq.h:195:12: note: expected 'void *' but argument is of type 'int'
 extern int alt_ic_isr_register(alt_u32 ic_id,
            ^
Info: Linking nios_software.elf
nios2-elf-g++  -T'../nios_software_bsp//linker.x' -msys-crt0='../nios_software_bsp//obj/HAL/src/crt0.o' -msys-lib=hal_bsp -L../nios_software_bsp/   -Wl,-Map=nios_software.map   -O0 -g -Wall   -mno-hw-div -mno-hw-mul -mno-hw-mulx  -o nios_software.elf obj/default/interrupt_main.o -lm -msys-lib=m
nios2-elf-insert nios_software.elf --thread_model hal --cpu_name nios2_gen2_0 --qsys true --simulation_enabled false --id 2 --sidp 0x11030 --timestamp 1486586523 --stderr_dev jtag_uart_0 --stdin_dev jtag_uart_0 --stdout_dev jtag_uart_0 --sopc_system_name nios_system --quartus_project_dir "C:/Users/zdw7287/Downloads/Embedded-Systems-Design-I/cpet561/lab2" --jdi ../..//output_files/accumulator.jdi --sopcinfo C:/Users/zdw7287/Downloads/Embedded-Systems-Design-I/cpet561/lab2/software/nios_software_bsp/../../nios_system.sopcinfo
Info: (nios_software.elf) 15 KBytes program size (code + initialized data).
Info:                     10 KBytes free for stack + heap.
Info: Creating nios_software.objdump
nios2-elf-objdump --disassemble --syms --all-header --source nios_software.elf >nios_software.objdump
[nios_software build complete]
17:01:39 **** Incremental Build of configuration Nios II for project nios_software ****
make all 
Info: Building ../nios_software_bsp/
C:/altera/15.1/nios2eds/bin/gnu/H-x86_64-mingw32/bin/make --no-print-directory -C ../nios_software_bsp/
[BSP build complete]
[nios_software build complete]
17:02:00 **** Incremental Build of configuration Nios II for project nios_software ****
make all 
Info: Building ../nios_software_bsp/
C:/altera/15.1/nios2eds/bin/gnu/H-x86_64-mingw32/bin/make --no-print-directory -C ../nios_software_bsp/
[BSP build complete]
[nios_software build complete]
17:07:09 **** Incremental Build of configuration Nios II for project nios_software ****
make all 
Info: Building ../nios_software_bsp/
C:/altera/15.1/nios2eds/bin/gnu/H-x86_64-mingw32/bin/make --no-print-directory -C ../nios_software_bsp/
[BSP build complete]
Info: Compiling interrupt_main.c to obj/default/interrupt_main.o
nios2-elf-gcc -xc -MP -MMD -c -I../nios_software_bsp//HAL/inc -I../nios_software_bsp/ -I../nios_software_bsp//drivers/inc  -pipe -D__hal__ -DALT_NO_INSTRUCTION_EMULATION -DALT_SINGLE_THREADED    -O0 -g -Wall   -mno-hw-div -mno-hw-mul -mno-hw-mulx  -o obj/default/interrupt_main.o interrupt_main.c
In file included from ../nios_software_bsp//HAL/inc/sys/alt_irq.h:52:0,
                 from interrupt_main.c:1:
interrupt_main.c: In function 'main':
../nios_software_bsp/system.h:237:28: warning: passing argument 2 of 'alt_ic_isr_register' makes integer from pointer without a cast
 #define I_TRIGGER_IRQ_TYPE "EDGE"
                            ^
interrupt_main.c:53:62: note: in expansion of macro 'I_TRIGGER_IRQ_TYPE'
   alt_ic_isr_register(I_TRIGGER_IRQ_INTERRUPT_CONTROLLER_ID, I_TRIGGER_IRQ_TYPE,
                                                              ^
In file included from interrupt_main.c:1:0:
../nios_software_bsp//HAL/inc/sys/alt_irq.h:195:12: note: expected 'alt_u32' but argument is of type 'char *'
 extern int alt_ic_isr_register(alt_u32 ic_id,
            ^
Info: Linking nios_software.elf
nios2-elf-g++  -T'../nios_software_bsp//linker.x' -msys-crt0='../nios_software_bsp//obj/HAL/src/crt0.o' -msys-lib=hal_bsp -L../nios_software_bsp/   -Wl,-Map=nios_software.map   -O0 -g -Wall   -mno-hw-div -mno-hw-mul -mno-hw-mulx  -o nios_software.elf obj/default/interrupt_main.o -lm -msys-lib=m
nios2-elf-insert nios_software.elf --thread_model hal --cpu_name nios2_gen2_0 --qsys true --simulation_enabled false --id 2 --sidp 0x11030 --timestamp 1486586523 --stderr_dev jtag_uart_0 --stdin_dev jtag_uart_0 --stdout_dev jtag_uart_0 --sopc_system_name nios_system --quartus_project_dir "C:/Users/zdw7287/Downloads/Embedded-Systems-Design-I/cpet561/lab2" --jdi ../..//output_files/accumulator.jdi --sopcinfo C:/Users/zdw7287/Downloads/Embedded-Systems-Design-I/cpet561/lab2/software/nios_software_bsp/../../nios_system.sopcinfo
Info: (nios_software.elf) 15 KBytes program size (code + initialized data).
Info:                     10 KBytes free for stack + heap.
Info: Creating nios_software.objdump
nios2-elf-objdump --disassemble --syms --all-header --source nios_software.elf >nios_software.objdump
[nios_software build complete]
17:17:20 **** Incremental Build of configuration Nios II for project nios_software ****
make all 
Info: Building ../nios_software_bsp/
C:/altera/15.1/nios2eds/bin/gnu/H-x86_64-mingw32/bin/make --no-print-directory -C ../nios_software_bsp/
[BSP build complete]
Info: Compiling interrupt_main.c to obj/default/interrupt_main.o
nios2-elf-gcc -xc -MP -MMD -c -I../nios_software_bsp//HAL/inc -I../nios_software_bsp/ -I../nios_software_bsp//drivers/inc  -pipe -D__hal__ -DALT_NO_INSTRUCTION_EMULATION -DALT_SINGLE_THREADED    -O0 -g -Wall   -mno-hw-div -mno-hw-mul -mno-hw-mulx  -o obj/default/interrupt_main.o interrupt_main.c
In file included from ../nios_software_bsp//HAL/inc/sys/alt_irq.h:52:0,
                 from interrupt_main.c:1:
interrupt_main.c: In function 'main':
../nios_software_bsp/system.h:237:28: warning: passing argument 2 of 'alt_ic_isr_register' makes integer from pointer without a cast
 #define I_TRIGGER_IRQ_TYPE "EDGE"
                            ^
interrupt_main.c:53:62: note: in expansion of macro 'I_TRIGGER_IRQ_TYPE'
   alt_ic_isr_register(I_TRIGGER_IRQ_INTERRUPT_CONTROLLER_ID, I_TRIGGER_IRQ_TYPE,
                                                              ^
In file included from interrupt_main.c:1:0:
../nios_software_bsp//HAL/inc/sys/alt_irq.h:195:12: note: expected 'alt_u32' but argument is of type 'char *'
 extern int alt_ic_isr_register(alt_u32 ic_id,
            ^
Info: Linking nios_software.elf
nios2-elf-g++  -T'../nios_software_bsp//linker.x' -msys-crt0='../nios_software_bsp//obj/HAL/src/crt0.o' -msys-lib=hal_bsp -L../nios_software_bsp/   -Wl,-Map=nios_software.map   -O0 -g -Wall   -mno-hw-div -mno-hw-mul -mno-hw-mulx  -o nios_software.elf obj/default/interrupt_main.o -lm -msys-lib=m
nios2-elf-insert nios_software.elf --thread_model hal --cpu_name nios2_gen2_0 --qsys true --simulation_enabled false --id 2 --sidp 0x11030 --timestamp 1486586523 --stderr_dev jtag_uart_0 --stdin_dev jtag_uart_0 --stdout_dev jtag_uart_0 --sopc_system_name nios_system --quartus_project_dir "C:/Users/zdw7287/Downloads/Embedded-Systems-Design-I/cpet561/lab2" --jdi ../..//output_files/accumulator.jdi --sopcinfo C:/Users/zdw7287/Downloads/Embedded-Systems-Design-I/cpet561/lab2/software/nios_software_bsp/../../nios_system.sopcinfo
Info: (nios_software.elf) 15 KBytes program size (code + initialized data).
Info:                     10 KBytes free for stack + heap.
Info: Creating nios_software.objdump
nios2-elf-objdump --disassemble --syms --all-header --source nios_software.elf >nios_software.objdump
[nios_software build complete]
17:24:53 **** Incremental Build of configuration Nios II for project nios_software ****
make all 
Info: Building ../nios_software_bsp/
C:/altera/15.1/nios2eds/bin/gnu/H-x86_64-mingw32/bin/make --no-print-directory -C ../nios_software_bsp/
[BSP build complete]
Info: Compiling interrupt_main.c to obj/default/interrupt_main.o
nios2-elf-gcc -xc -MP -MMD -c -I../nios_software_bsp//HAL/inc -I../nios_software_bsp/ -I../nios_software_bsp//drivers/inc  -pipe -D__hal__ -DALT_NO_INSTRUCTION_EMULATION -DALT_SINGLE_THREADED    -O0 -g -Wall   -mno-hw-div -mno-hw-mul -mno-hw-mulx  -o obj/default/interrupt_main.o interrupt_main.c
Info: Linking nios_software.elf
nios2-elf-g++  -T'../nios_software_bsp//linker.x' -msys-crt0='../nios_software_bsp//obj/HAL/src/crt0.o' -msys-lib=hal_bsp -L../nios_software_bsp/   -Wl,-Map=nios_software.map   -O0 -g -Wall   -mno-hw-div -mno-hw-mul -mno-hw-mulx  -o nios_software.elf obj/default/interrupt_main.o -lm -msys-lib=m
nios2-elf-insert nios_software.elf --thread_model hal --cpu_name nios2_gen2_0 --qsys true --simulation_enabled false --id 2 --sidp 0x11030 --timestamp 1486586523 --stderr_dev jtag_uart_0 --stdin_dev jtag_uart_0 --stdout_dev jtag_uart_0 --sopc_system_name nios_system --quartus_project_dir "C:/Users/zdw7287/Downloads/Embedded-Systems-Design-I/cpet561/lab2" --jdi ../..//output_files/accumulator.jdi --sopcinfo C:/Users/zdw7287/Downloads/Embedded-Systems-Design-I/cpet561/lab2/software/nios_software_bsp/../../nios_system.sopcinfo
Info: (nios_software.elf) 15 KBytes program size (code + initialized data).
Info:                     10 KBytes free for stack + heap.
Info: Creating nios_software.objdump
nios2-elf-objdump --disassemble --syms --all-header --source nios_software.elf >nios_software.objdump
[nios_software build complete]
17:26:18 **** Incremental Build of configuration Nios II for project nios_software ****
make all 
Info: Building ../nios_software_bsp/
C:/altera/15.1/nios2eds/bin/gnu/H-x86_64-mingw32/bin/make --no-print-directory -C ../nios_software_bsp/
[BSP build complete]
Info: Compiling interrupt_main.c to obj/default/interrupt_main.o
nios2-elf-gcc -xc -MP -MMD -c -I../nios_software_bsp//HAL/inc -I../nios_software_bsp/ -I../nios_software_bsp//drivers/inc  -pipe -D__hal__ -DALT_NO_INSTRUCTION_EMULATION -DALT_SINGLE_THREADED    -O0 -g -Wall   -mno-hw-div -mno-hw-mul -mno-hw-mulx  -o obj/default/interrupt_main.o interrupt_main.c
Info: Linking nios_software.elf
nios2-elf-g++  -T'../nios_software_bsp//linker.x' -msys-crt0='../nios_software_bsp//obj/HAL/src/crt0.o' -msys-lib=hal_bsp -L../nios_software_bsp/   -Wl,-Map=nios_software.map   -O0 -g -Wall   -mno-hw-div -mno-hw-mul -mno-hw-mulx  -o nios_software.elf obj/default/interrupt_main.o -lm -msys-lib=m
nios2-elf-insert nios_software.elf --thread_model hal --cpu_name nios2_gen2_0 --qsys true --simulation_enabled false --id 2 --sidp 0x11030 --timestamp 1486586523 --stderr_dev jtag_uart_0 --stdin_dev jtag_uart_0 --stdout_dev jtag_uart_0 --sopc_system_name nios_system --quartus_project_dir "C:/Users/zdw7287/Downloads/Embedded-Systems-Design-I/cpet561/lab2" --jdi ../..//output_files/accumulator.jdi --sopcinfo C:/Users/zdw7287/Downloads/Embedded-Systems-Design-I/cpet561/lab2/software/nios_software_bsp/../../nios_system.sopcinfo
Info: (nios_software.elf) 15 KBytes program size (code + initialized data).
Info:                     10 KBytes free for stack + heap.
Info: Creating nios_software.objdump
nios2-elf-objdump --disassemble --syms --all-header --source nios_software.elf >nios_software.objdump
[nios_software build complete]
