Flow report for accumulator
Mon Feb 06 15:02:05 2017
Quartus Prime Version 15.1.0 Build 185 10/21/2015 SJ Standard Edition


---------------------
; Table of Contents ;
---------------------
  1. Legal Notice
  2. Flow Summary
  3. Flow Settings
  4. Flow Non-Default Global Settings
  5. Flow Elapsed Time
  6. Flow OS Summary
  7. Flow Log
  8. Flow Messages
  9. Flow Suppressed Messages



----------------
; Legal Notice ;
----------------
Copyright (C) 1991-2015 Altera Corporation. All rights reserved.
Your use of Altera Corporation's design tools, logic functions 
and other software and tools, and its AMPP partner logic 
functions, and any output files from any of the foregoing 
(including device programming or simulation files), and any 
associated documentation or information are expressly subject 
to the terms and conditions of the Altera Program License 
Subscription Agreement, the Altera Quartus Prime License Agreement,
the Altera MegaCore Function License Agreement, or other 
applicable license agreement, including, without limitation, 
that your use is for the sole purpose of programming logic 
devices manufactured by Altera and sold by Altera or its 
authorized distributors.  Please refer to the applicable 
agreement for further details.



+-----------------------------------------------------------------------------------+
; Flow Summary                                                                      ;
+---------------------------------+-------------------------------------------------+
; Flow Status                     ; Successful - Mon Feb 06 15:01:51 2017           ;
; Quartus Prime Version           ; 15.1.0 Build 185 10/21/2015 SJ Standard Edition ;
; Revision Name                   ; accumulator                                     ;
; Top-level Entity Name           ; accumulator                                     ;
; Family                          ; Cyclone V                                       ;
; Device                          ; 5CSEMA5F31C6                                    ;
; Timing Models                   ; Final                                           ;
; Logic utilization (in ALMs)     ; 801 / 32,070 ( 2 % )                            ;
; Total registers                 ; 1074                                            ;
; Total pins                      ; 189 / 457 ( 41 % )                              ;
; Total virtual pins              ; 0                                               ;
; Total block memory bits         ; 273,408 / 4,065,280 ( 7 % )                     ;
; Total DSP Blocks                ; 0 / 87 ( 0 % )                                  ;
; Total HSSI RX PCSs              ; 0                                               ;
; Total HSSI PMA RX Deserializers ; 0                                               ;
; Total HSSI TX PCSs              ; 0                                               ;
; Total HSSI PMA TX Serializers   ; 0                                               ;
; Total PLLs                      ; 0 / 6 ( 0 % )                                   ;
; Total DLLs                      ; 0 / 4 ( 0 % )                                   ;
+---------------------------------+-------------------------------------------------+


+-----------------------------------------+
; Flow Settings                           ;
+-------------------+---------------------+
; Option            ; Setting             ;
+-------------------+---------------------+
; Start date & time ; 02/06/2017 14:59:50 ;
; Main task         ; Compilation         ;
; Revision Name     ; accumulator         ;
+-------------------+---------------------+


+------------------------------------------------------------------------------------------------------------------------+
; Flow Non-Default Global Settings                                                                                       ;
+-------------------------------------+---------------------------------------+---------------+-------------+------------+
; Assignment Name                     ; Value                                 ; Default Value ; Entity Name ; Section Id ;
+-------------------------------------+---------------------------------------+---------------+-------------+------------+
; COMPILER_SIGNATURE_ID               ; 26830024677015.148641118903144        ; --            ; --          ; --         ;
; MAX_CORE_JUNCTION_TEMP              ; 85                                    ; --            ; --          ; --         ;
; MIN_CORE_JUNCTION_TEMP              ; 0                                     ; --            ; --          ; --         ;
; PARTITION_COLOR                     ; 16764057                              ; --            ; --          ; Top        ;
; PARTITION_COLOR                     ; 16764057                              ; --            ; equalizer   ; Top        ;
; PARTITION_COLOR                     ; 16764057                              ; --            ; lights      ; Top        ;
; PARTITION_FITTER_PRESERVATION_LEVEL ; PLACEMENT_AND_ROUTING                 ; --            ; --          ; Top        ;
; PARTITION_FITTER_PRESERVATION_LEVEL ; PLACEMENT_AND_ROUTING                 ; --            ; equalizer   ; Top        ;
; PARTITION_FITTER_PRESERVATION_LEVEL ; PLACEMENT_AND_ROUTING                 ; --            ; lights      ; Top        ;
; PARTITION_NETLIST_TYPE              ; SOURCE                                ; --            ; --          ; Top        ;
; PARTITION_NETLIST_TYPE              ; SOURCE                                ; --            ; equalizer   ; Top        ;
; PARTITION_NETLIST_TYPE              ; SOURCE                                ; --            ; lights      ; Top        ;
; POWER_BOARD_THERMAL_MODEL           ; None (CONSERVATIVE)                   ; --            ; --          ; --         ;
; POWER_PRESET_COOLING_SOLUTION       ; 23 MM HEAT SINK WITH 200 LFPM AIRFLOW ; --            ; --          ; --         ;
; PROJECT_OUTPUT_DIRECTORY            ; output_files                          ; --            ; --          ; --         ;
+-------------------------------------+---------------------------------------+---------------+-------------+------------+


+-------------------------------------------------------------------------------------------------------------------------------+
; Flow Elapsed Time                                                                                                             ;
+---------------------------+--------------+-------------------------+---------------------+------------------------------------+
; Module Name               ; Elapsed Time ; Average Processors Used ; Peak Virtual Memory ; Total CPU Time (on all processors) ;
+---------------------------+--------------+-------------------------+---------------------+------------------------------------+
; Analysis & Synthesis      ; 00:00:53     ; 1.0                     ; 1005 MB             ; 00:01:46                           ;
; Fitter                    ; 00:00:51     ; 1.1                     ; 2741 MB             ; 00:01:44                           ;
; Assembler                 ; 00:00:08     ; 1.0                     ; 896 MB              ; 00:00:09                           ;
; TimeQuest Timing Analyzer ; 00:00:09     ; 1.3                     ; 1245 MB             ; 00:00:13                           ;
; Total                     ; 00:02:01     ; --                      ; --                  ; 00:03:52                           ;
+---------------------------+--------------+-------------------------+---------------------+------------------------------------+


+----------------------------------------------------------------------------------------+
; Flow OS Summary                                                                        ;
+---------------------------+------------------+-----------+------------+----------------+
; Module Name               ; Machine Hostname ; OS Name   ; OS Version ; Processor type ;
+---------------------------+------------------+-----------+------------+----------------+
; Analysis & Synthesis      ; ECTET-1360-02    ; Windows 7 ; 6.1        ; x86_64         ;
; Fitter                    ; ECTET-1360-02    ; Windows 7 ; 6.1        ; x86_64         ;
; Assembler                 ; ECTET-1360-02    ; Windows 7 ; 6.1        ; x86_64         ;
; TimeQuest Timing Analyzer ; ECTET-1360-02    ; Windows 7 ; 6.1        ; x86_64         ;
+---------------------------+------------------+-----------+------------+----------------+


------------
; Flow Log ;
------------
quartus_map --read_settings_files=on --write_settings_files=off accumulator -c accumulator
quartus_fit --read_settings_files=off --write_settings_files=off accumulator -c accumulator
quartus_asm --read_settings_files=off --write_settings_files=off accumulator -c accumulator
quartus_sta accumulator -c accumulator



