Flow report for lab4
Wed May 03 13:43:36 2017
Quartus Prime Version 15.1.0 Build 185 10/21/2015 SJ Standard Edition


---------------------
; Table of Contents ;
---------------------
  1. Legal Notice
  2. Flow Summary
  3. Flow Settings
  4. Flow Non-Default Global Settings
  5. Flow Elapsed Time
  6. Flow OS Summary
  7. Flow Log
  8. Flow Messages
  9. Flow Suppressed Messages



----------------
; Legal Notice ;
----------------
Copyright (C) 1991-2015 Altera Corporation. All rights reserved.
Your use of Altera Corporation's design tools, logic functions 
and other software and tools, and its AMPP partner logic 
functions, and any output files from any of the foregoing 
(including device programming or simulation files), and any 
associated documentation or information are expressly subject 
to the terms and conditions of the Altera Program License 
Subscription Agreement, the Altera Quartus Prime License Agreement,
the Altera MegaCore Function License Agreement, or other 
applicable license agreement, including, without limitation, 
that your use is for the sole purpose of programming logic 
devices manufactured by Altera and sold by Altera or its 
authorized distributors.  Please refer to the applicable 
agreement for further details.



+-----------------------------------------------------------------------------------+
; Flow Summary                                                                      ;
+---------------------------------+-------------------------------------------------+
; Flow Status                     ; Successful - Wed May 03 13:43:09 2017           ;
; Quartus Prime Version           ; 15.1.0 Build 185 10/21/2015 SJ Standard Edition ;
; Revision Name                   ; lab4                                            ;
; Top-level Entity Name           ; lab4                                            ;
; Family                          ; Cyclone V                                       ;
; Device                          ; 5CSEMA5F31C6                                    ;
; Timing Models                   ; Final                                           ;
; Logic utilization (in ALMs)     ; 847 / 32,070 ( 3 % )                            ;
; Total registers                 ; 1269                                            ;
; Total pins                      ; 189 / 457 ( 41 % )                              ;
; Total virtual pins              ; 0                                               ;
; Total block memory bits         ; 293,888 / 4,065,280 ( 7 % )                     ;
; Total DSP Blocks                ; 1 / 87 ( 1 % )                                  ;
; Total HSSI RX PCSs              ; 0                                               ;
; Total HSSI PMA RX Deserializers ; 0                                               ;
; Total HSSI TX PCSs              ; 0                                               ;
; Total HSSI PMA TX Serializers   ; 0                                               ;
; Total PLLs                      ; 0 / 6 ( 0 % )                                   ;
; Total DLLs                      ; 0 / 4 ( 0 % )                                   ;
+---------------------------------+-------------------------------------------------+


+-----------------------------------------+
; Flow Settings                           ;
+-------------------+---------------------+
; Option            ; Setting             ;
+-------------------+---------------------+
; Start date & time ; 05/03/2017 13:40:03 ;
; Main task         ; Compilation         ;
; Revision Name     ; lab4                ;
+-------------------+---------------------+


+-----------------------------------------------------------------------------------------------------------------------------------------------+
; Flow Non-Default Global Settings                                                                                                              ;
+-------------------------------------+--------------------------------------------------------------+---------------+-------------+------------+
; Assignment Name                     ; Value                                                        ; Default Value ; Entity Name ; Section Id ;
+-------------------------------------+--------------------------------------------------------------+---------------+-------------+------------+
; COMPILER_SIGNATURE_ID               ; 251394926111239.149383320212180                              ; --            ; --          ; --         ;
; MAX_CORE_JUNCTION_TEMP              ; 85                                                           ; --            ; --          ; --         ;
; MIN_CORE_JUNCTION_TEMP              ; 0                                                            ; --            ; --          ; --         ;
; MISC_FILE                           ; nios_sytem/synthesis/../nios_sytem.cmp                       ; --            ; --          ; --         ;
; MISC_FILE                           ; nios_sytem/synthesis/../../nios_sytem.qsys                   ; --            ; --          ; --         ;
; MISC_FILE                           ; wave_ram.cmp                                                 ; --            ; --          ; --         ;
; MISC_FILE                           ; wave_ram_cos_inst.vhd                                        ; --            ; --          ; --         ;
; MISC_FILE                           ; wave_ram_cos.cmp                                             ; --            ; --          ; --         ;
; PARTITION_COLOR                     ; 16764057                                                     ; --            ; equalizer   ; Top        ;
; PARTITION_COLOR                     ; 16764057                                                     ; --            ; --          ; Top        ;
; PARTITION_COLOR                     ; 16764057                                                     ; --            ; lights      ; Top        ;
; PARTITION_FITTER_PRESERVATION_LEVEL ; PLACEMENT_AND_ROUTING                                        ; --            ; equalizer   ; Top        ;
; PARTITION_FITTER_PRESERVATION_LEVEL ; PLACEMENT_AND_ROUTING                                        ; --            ; --          ; Top        ;
; PARTITION_FITTER_PRESERVATION_LEVEL ; PLACEMENT_AND_ROUTING                                        ; --            ; lights      ; Top        ;
; PARTITION_NETLIST_TYPE              ; SOURCE                                                       ; --            ; equalizer   ; Top        ;
; PARTITION_NETLIST_TYPE              ; SOURCE                                                       ; --            ; --          ; Top        ;
; PARTITION_NETLIST_TYPE              ; SOURCE                                                       ; --            ; lights      ; Top        ;
; POWER_BOARD_THERMAL_MODEL           ; None (CONSERVATIVE)                                          ; --            ; --          ; --         ;
; POWER_PRESET_COOLING_SOLUTION       ; 23 MM HEAT SINK WITH 200 LFPM AIRFLOW                        ; --            ; --          ; --         ;
; PROJECT_OUTPUT_DIRECTORY            ; output_files                                                 ; --            ; --          ; --         ;
; SLD_FILE                            ; nios_sytem/synthesis/nios_sytem.regmap                       ; --            ; --          ; --         ;
; SLD_FILE                            ; nios_sytem/synthesis/nios_sytem.debuginfo                    ; --            ; --          ; --         ;
; SLD_INFO                            ; QSYS_NAME nios_sytem HAS_SOPCINFO 1 GENERATION_ID 1487561298 ; --            ; nios_sytem  ; --         ;
; SOPCINFO_FILE                       ; nios_sytem/synthesis/../../nios_sytem.sopcinfo               ; --            ; --          ; --         ;
; SYNTHESIS_ONLY_QIP                  ; On                                                           ; --            ; --          ; --         ;
+-------------------------------------+--------------------------------------------------------------+---------------+-------------+------------+


+-------------------------------------------------------------------------------------------------------------------------------+
; Flow Elapsed Time                                                                                                             ;
+---------------------------+--------------+-------------------------+---------------------+------------------------------------+
; Module Name               ; Elapsed Time ; Average Processors Used ; Peak Virtual Memory ; Total CPU Time (on all processors) ;
+---------------------------+--------------+-------------------------+---------------------+------------------------------------+
; Analysis & Synthesis      ; 00:00:48     ; 1.0                     ; 1025 MB             ; 00:01:18                           ;
; Fitter                    ; 00:01:45     ; 1.1                     ; 2743 MB             ; 00:03:52                           ;
; Assembler                 ; 00:00:14     ; 1.0                     ; 904 MB              ; 00:00:14                           ;
; TimeQuest Timing Analyzer ; 00:00:18     ; 1.4                     ; 1252 MB             ; 00:00:24                           ;
; Total                     ; 00:03:05     ; --                      ; --                  ; 00:05:48                           ;
+---------------------------+--------------+-------------------------+---------------------+------------------------------------+


+----------------------------------------------------------------------------------------+
; Flow OS Summary                                                                        ;
+---------------------------+------------------+-----------+------------+----------------+
; Module Name               ; Machine Hostname ; OS Name   ; OS Version ; Processor type ;
+---------------------------+------------------+-----------+------------+----------------+
; Analysis & Synthesis      ; 706-GAGEEC-2161  ; Windows 7 ; 6.1        ; x86_64         ;
; Fitter                    ; 706-GAGEEC-2161  ; Windows 7 ; 6.1        ; x86_64         ;
; Assembler                 ; 706-GAGEEC-2161  ; Windows 7 ; 6.1        ; x86_64         ;
; TimeQuest Timing Analyzer ; 706-GAGEEC-2161  ; Windows 7 ; 6.1        ; x86_64         ;
+---------------------------+------------------+-----------+------------+----------------+


------------
; Flow Log ;
------------
quartus_map --read_settings_files=on --write_settings_files=off lab4 -c lab4
quartus_fit --read_settings_files=off --write_settings_files=off lab4 -c lab4
quartus_asm --read_settings_files=off --write_settings_files=off lab4 -c lab4
quartus_sta lab4 -c lab4



