14:25:49 **** Incremental Build of configuration Nios II for project nios_software ****
make all 
Info: Building ../nios_software_bsp/
C:/altera/15.1/nios2eds/bin/gnu/H-x86_64-mingw32/bin/make --no-print-directory -C ../nios_software_bsp/
[BSP build complete]
Info: Compiling C_accumulator_main.c to obj/default/C_accumulator_main.o
nios2-elf-gcc -xc -MP -MMD -c -I../nios_software_bsp//HAL/inc -I../nios_software_bsp/ -I../nios_software_bsp//drivers/inc  -pipe -D__hal__ -DALT_NO_INSTRUCTION_EMULATION -DALT_SINGLE_THREADED    -O0 -g -Wall   -mno-hw-div -mno-hw-mul -mno-hw-mulx  -o obj/default/C_accumulator_main.o C_accumulator_main.c
C_accumulator_main.c: In function 'getRandomPattern':
C_accumulator_main.c:16:2: warning: implicit declaration of function 'time' [-Wimplicit-function-declaration]
  srand((unsigned)time(NULL)); // Fetch current epoch and use as seed
  ^
C_accumulator_main.c: In function 'main':
C_accumulator_main.c:26:16: warning: variable 'accumulator_val' set but not used [-Wunused-but-set-variable]
  unsigned long accumulator_val;
                ^
C_accumulator_main.c:23:17: warning: unused variable 'ledBase_ptr' [-Wunused-variable]
  unsigned char *ledBase_ptr = (unsigned char *) LEDS_BASE; // Pointer to LED base memory location
                 ^
Info: Linking nios_software.elf
nios2-elf-g++  -T'../nios_software_bsp//linker.x' -msys-crt0='../nios_software_bsp//obj/HAL/src/crt0.o' -msys-lib=hal_bsp -L../nios_software_bsp/   -Wl,-Map=nios_software.map   -O0 -g -Wall   -mno-hw-div -mno-hw-mul -mno-hw-mulx  -o nios_software.elf obj/default/C_accumulator_main.o -lm -msys-lib=m
nios2-elf-insert nios_software.elf --thread_model hal --cpu_name nios2_gen2_0 --qsys true --simulation_enabled false --id 3 --sidp 0x5020 --timestamp 1487617751 --stderr_dev jtag_uart_0 --stdin_dev jtag_uart_0 --stdout_dev jtag_uart_0 --sopc_system_name nios_system --quartus_project_dir "C:/Users/zdw7287/Downloads/Embedded-Systems-Design-I/cpet561/lab3/part1/quartus" --jdi ../..//output_files/lab3.jdi --sopcinfo C:/Users/zdw7287/Downloads/Embedded-Systems-Design-I/cpet561/lab3/part1/quartus/software/nios_software_bsp/../../nios_system.sopcinfo
Info: (nios_software.elf) 18 KBytes program size (code + initialized data).
Info:                     8148 Bytes free for stack + heap.
Info: Creating nios_software.objdump
nios2-elf-objdump --disassemble --syms --all-header --source nios_software.elf >nios_software.objdump
[nios_software build complete]
14:27:15 **** Incremental Build of configuration Nios II for project nios_software ****
make all 
Info: Building ../nios_software_bsp/
C:/altera/15.1/nios2eds/bin/gnu/H-x86_64-mingw32/bin/make --no-print-directory -C ../nios_software_bsp/
[BSP build complete]
[nios_software build complete]
14:34:48 **** Incremental Build of configuration Nios II for project nios_software ****
make all 
Info: Building ../nios_software_bsp/
C:/altera/15.1/nios2eds/bin/gnu/H-x86_64-mingw32/bin/make --no-print-directory -C ../nios_software_bsp/
[BSP build complete]
[nios_software build complete]
14:36:01 **** Incremental Build of configuration Nios II for project nios_software ****
make all 
Info: Building ../nios_software_bsp/
C:/altera/15.1/nios2eds/bin/gnu/H-x86_64-mingw32/bin/make --no-print-directory -C ../nios_software_bsp/
[BSP build complete]
[nios_software build complete]
14:44:29 **** Incremental Build of configuration Nios II for project nios_software ****
make all 
Info: Building ../nios_software_bsp/
C:/altera/15.1/nios2eds/bin/gnu/H-x86_64-mingw32/bin/make --no-print-directory -C ../nios_software_bsp/
[BSP build complete]
Info: Compiling C_accumulator_main.c to obj/default/C_accumulator_main.o
nios2-elf-gcc -xc -MP -MMD -c -I../nios_software_bsp//HAL/inc -I../nios_software_bsp/ -I../nios_software_bsp//drivers/inc  -pipe -D__hal__ -DALT_NO_INSTRUCTION_EMULATION -DALT_SINGLE_THREADED    -O0 -g -Wall   -mno-hw-div -mno-hw-mul -mno-hw-mulx  -o obj/default/C_accumulator_main.o C_accumulator_main.c
C_accumulator_main.c: In function 'getRandomPattern':
C_accumulator_main.c:16:2: warning: implicit declaration of function 'time' [-Wimplicit-function-declaration]
  srand((unsigned)time(NULL)); // Fetch current epoch and use as seed
  ^
C_accumulator_main.c: In function 'main':
C_accumulator_main.c:26:16: warning: variable 'accumulator_val' set but not used [-Wunused-but-set-variable]
  unsigned long accumulator_val;
                ^
C_accumulator_main.c:23:17: warning: unused variable 'ledBase_ptr' [-Wunused-variable]
  unsigned char *ledBase_ptr = (unsigned char *) LEDS_BASE; // Pointer to LED base memory location
                 ^
Info: Linking nios_software.elf
nios2-elf-g++  -T'../nios_software_bsp//linker.x' -msys-crt0='../nios_software_bsp//obj/HAL/src/crt0.o' -msys-lib=hal_bsp -L../nios_software_bsp/   -Wl,-Map=nios_software.map   -O0 -g -Wall   -mno-hw-div -mno-hw-mul -mno-hw-mulx  -o nios_software.elf obj/default/C_accumulator_main.o -lm -msys-lib=m
nios2-elf-insert nios_software.elf --thread_model hal --cpu_name nios2_gen2_0 --qsys true --simulation_enabled false --id 3 --sidp 0x5020 --timestamp 1487617751 --stderr_dev jtag_uart_0 --stdin_dev jtag_uart_0 --stdout_dev jtag_uart_0 --sopc_system_name nios_system --quartus_project_dir "C:/Users/zdw7287/Downloads/Embedded-Systems-Design-I/cpet561/lab3/part1/quartus" --jdi ../..//output_files/lab3.jdi --sopcinfo C:/Users/zdw7287/Downloads/Embedded-Systems-Design-I/cpet561/lab3/part1/quartus/software/nios_software_bsp/../../nios_system.sopcinfo
Info: (nios_software.elf) 18 KBytes program size (code + initialized data).
Info:                     8176 Bytes free for stack + heap.
Info: Creating nios_software.objdump
nios2-elf-objdump --disassemble --syms --all-header --source nios_software.elf >nios_software.objdump
[nios_software build complete]
14:50:33 **** Incremental Build of configuration Nios II for project nios_software ****
make all 
Info: Building ../nios_software_bsp/
C:/altera/15.1/nios2eds/bin/gnu/H-x86_64-mingw32/bin/make --no-print-directory -C ../nios_software_bsp/
[BSP build complete]
[nios_software build complete]
14:51:54 **** Incremental Build of configuration Nios II for project nios_software ****
make all 
Info: Building ../nios_software_bsp/
C:/altera/15.1/nios2eds/bin/gnu/H-x86_64-mingw32/bin/make --no-print-directory -C ../nios_software_bsp/
[BSP build complete]
[nios_software build complete]
15:04:54 **** Incremental Build of configuration Nios II for project nios_software ****
make all 
Info: Building ../nios_software_bsp/
C:/altera/15.1/nios2eds/bin/gnu/H-x86_64-mingw32/bin/make --no-print-directory -C ../nios_software_bsp/
[BSP build complete]
Info: Compiling C_accumulator_main.c to obj/default/C_accumulator_main.o
nios2-elf-gcc -xc -MP -MMD -c -I../nios_software_bsp//HAL/inc -I../nios_software_bsp/ -I../nios_software_bsp//drivers/inc  -pipe -D__hal__ -DALT_NO_INSTRUCTION_EMULATION -DALT_SINGLE_THREADED    -O0 -g -Wall   -mno-hw-div -mno-hw-mul -mno-hw-mulx  -o obj/default/C_accumulator_main.o C_accumulator_main.c
C_accumulator_main.c: In function 'getRandomPattern':
C_accumulator_main.c:22:2: warning: implicit declaration of function 'time' [-Wimplicit-function-declaration]
  srand((unsigned)time(NULL)); // Fetch current epoch and use as seed
  ^
C_accumulator_main.c: In function 'main':
C_accumulator_main.c:42:6: warning: unused variable 'pass' [-Wunused-variable]
  int pass = 0; //initialize passing variable to failure
      ^
C_accumulator_main.c: In function 'ramConfidenceTest':
C_accumulator_main.c:38:1: warning: control reaches end of non-void function [-Wreturn-type]
 }
 ^
Info: Linking nios_software.elf
nios2-elf-g++  -T'../nios_software_bsp//linker.x' -msys-crt0='../nios_software_bsp//obj/HAL/src/crt0.o' -msys-lib=hal_bsp -L../nios_software_bsp/   -Wl,-Map=nios_software.map   -O0 -g -Wall   -mno-hw-div -mno-hw-mul -mno-hw-mulx  -o nios_software.elf obj/default/C_accumulator_main.o -lm -msys-lib=m
nios2-elf-insert nios_software.elf --thread_model hal --cpu_name nios2_gen2_0 --qsys true --simulation_enabled false --id 3 --sidp 0x5020 --timestamp 1487617751 --stderr_dev jtag_uart_0 --stdin_dev jtag_uart_0 --stdout_dev jtag_uart_0 --sopc_system_name nios_system --quartus_project_dir "C:/Users/zdw7287/Downloads/Embedded-Systems-Design-I/cpet561/lab3/part1/quartus" --jdi ../..//output_files/lab3.jdi --sopcinfo C:/Users/zdw7287/Downloads/Embedded-Systems-Design-I/cpet561/lab3/part1/quartus/software/nios_software_bsp/../../nios_system.sopcinfo
Info: (nios_software.elf) 18 KBytes program size (code + initialized data).
Info:                     8028 Bytes free for stack + heap.
Info: Creating nios_software.objdump
nios2-elf-objdump --disassemble --syms --all-header --source nios_software.elf >nios_software.objdump
[nios_software build complete]
15:06:44 **** Incremental Build of configuration Nios II for project nios_software ****
make all 
Info: Building ../nios_software_bsp/
C:/altera/15.1/nios2eds/bin/gnu/H-x86_64-mingw32/bin/make --no-print-directory -C ../nios_software_bsp/
[BSP build complete]
[nios_software build complete]
15:09:00 **** Incremental Build of configuration Nios II for project nios_software ****
make all 
Info: Building ../nios_software_bsp/
C:/altera/15.1/nios2eds/bin/gnu/H-x86_64-mingw32/bin/make --no-print-directory -C ../nios_software_bsp/
[BSP build complete]
Info: Compiling C_accumulator_main.c to obj/default/C_accumulator_main.o
nios2-elf-gcc -xc -MP -MMD -c -I../nios_software_bsp//HAL/inc -I../nios_software_bsp/ -I../nios_software_bsp//drivers/inc  -pipe -D__hal__ -DALT_NO_INSTRUCTION_EMULATION -DALT_SINGLE_THREADED    -O0 -g -Wall   -mno-hw-div -mno-hw-mul -mno-hw-mulx  -o obj/default/C_accumulator_main.o C_accumulator_main.c
C_accumulator_main.c: In function 'getRandomPattern':
C_accumulator_main.c:22:2: warning: implicit declaration of function 'time' [-Wimplicit-function-declaration]
  srand((unsigned)time(NULL)); // Fetch current epoch and use as seed
  ^
C_accumulator_main.c: In function 'main':
C_accumulator_main.c:43:6: warning: unused variable 'pass' [-Wunused-variable]
  int pass = 0; //initialize passing variable to failure
      ^
Info: Linking nios_software.elf
nios2-elf-g++  -T'../nios_software_bsp//linker.x' -msys-crt0='../nios_software_bsp//obj/HAL/src/crt0.o' -msys-lib=hal_bsp -L../nios_software_bsp/   -Wl,-Map=nios_software.map   -O0 -g -Wall   -mno-hw-div -mno-hw-mul -mno-hw-mulx  -o nios_software.elf obj/default/C_accumulator_main.o -lm -msys-lib=m
nios2-elf-insert nios_software.elf --thread_model hal --cpu_name nios2_gen2_0 --qsys true --simulation_enabled false --id 3 --sidp 0x5020 --timestamp 1487617751 --stderr_dev jtag_uart_0 --stdin_dev jtag_uart_0 --stdout_dev jtag_uart_0 --sopc_system_name nios_system --quartus_project_dir "C:/Users/zdw7287/Downloads/Embedded-Systems-Design-I/cpet561/lab3/part1/quartus" --jdi ../..//output_files/lab3.jdi --sopcinfo C:/Users/zdw7287/Downloads/Embedded-Systems-Design-I/cpet561/lab3/part1/quartus/software/nios_software_bsp/../../nios_system.sopcinfo
Info: (nios_software.elf) 18 KBytes program size (code + initialized data).
Info:                     8028 Bytes free for stack + heap.
Info: Creating nios_software.objdump
nios2-elf-objdump --disassemble --syms --all-header --source nios_software.elf >nios_software.objdump
[nios_software build complete]
15:11:24 **** Incremental Build of configuration Nios II for project nios_software ****
make all 
Info: Building ../nios_software_bsp/
C:/altera/15.1/nios2eds/bin/gnu/H-x86_64-mingw32/bin/make --no-print-directory -C ../nios_software_bsp/
[BSP build complete]
[nios_software build complete]
15:12:59 **** Incremental Build of configuration Nios II for project nios_software ****
make all 
Info: Building ../nios_software_bsp/
C:/altera/15.1/nios2eds/bin/gnu/H-x86_64-mingw32/bin/make --no-print-directory -C ../nios_software_bsp/
[BSP build complete]
Info: Compiling C_accumulator_main.c to obj/default/C_accumulator_main.o
nios2-elf-gcc -xc -MP -MMD -c -I../nios_software_bsp//HAL/inc -I../nios_software_bsp/ -I../nios_software_bsp//drivers/inc  -pipe -D__hal__ -DALT_NO_INSTRUCTION_EMULATION -DALT_SINGLE_THREADED    -O0 -g -Wall   -mno-hw-div -mno-hw-mul -mno-hw-mulx  -o obj/default/C_accumulator_main.o C_accumulator_main.c
C_accumulator_main.c: In function 'getRandomPattern':
C_accumulator_main.c:22:2: warning: implicit declaration of function 'time' [-Wimplicit-function-declaration]
  srand((unsigned)time(NULL)); // Fetch current epoch and use as seed
  ^
C_accumulator_main.c: In function 'main':
C_accumulator_main.c:44:6: warning: unused variable 'pass' [-Wunused-variable]
  int pass = 0; //initialize passing variable to failure
      ^
Info: Linking nios_software.elf
nios2-elf-g++  -T'../nios_software_bsp//linker.x' -msys-crt0='../nios_software_bsp//obj/HAL/src/crt0.o' -msys-lib=hal_bsp -L../nios_software_bsp/   -Wl,-Map=nios_software.map   -O0 -g -Wall   -mno-hw-div -mno-hw-mul -mno-hw-mulx  -o nios_software.elf obj/default/C_accumulator_main.o -lm -msys-lib=m
nios2-elf-insert nios_software.elf --thread_model hal --cpu_name nios2_gen2_0 --qsys true --simulation_enabled false --id 3 --sidp 0x5020 --timestamp 1487617751 --stderr_dev jtag_uart_0 --stdin_dev jtag_uart_0 --stdout_dev jtag_uart_0 --sopc_system_name nios_system --quartus_project_dir "C:/Users/zdw7287/Downloads/Embedded-Systems-Design-I/cpet561/lab3/part1/quartus" --jdi ../..//output_files/lab3.jdi --sopcinfo C:/Users/zdw7287/Downloads/Embedded-Systems-Design-I/cpet561/lab3/part1/quartus/software/nios_software_bsp/../../nios_system.sopcinfo
Info: (nios_software.elf) 18 KBytes program size (code + initialized data).
Info:                     8032 Bytes free for stack + heap.
Info: Creating nios_software.objdump
nios2-elf-objdump --disassemble --syms --all-header --source nios_software.elf >nios_software.objdump
[nios_software build complete]
15:14:31 **** Incremental Build of configuration Nios II for project nios_software ****
make all 
Info: Building ../nios_software_bsp/
C:/altera/15.1/nios2eds/bin/gnu/H-x86_64-mingw32/bin/make --no-print-directory -C ../nios_software_bsp/
[BSP build complete]
Info: Compiling C_accumulator_main.c to obj/default/C_accumulator_main.o
nios2-elf-gcc -xc -MP -MMD -c -I../nios_software_bsp//HAL/inc -I../nios_software_bsp/ -I../nios_software_bsp//drivers/inc  -pipe -D__hal__ -DALT_NO_INSTRUCTION_EMULATION -DALT_SINGLE_THREADED    -O0 -g -Wall   -mno-hw-div -mno-hw-mul -mno-hw-mulx  -o obj/default/C_accumulator_main.o C_accumulator_main.c
C_accumulator_main.c: In function 'getRandomPattern':
C_accumulator_main.c:22:2: warning: implicit declaration of function 'time' [-Wimplicit-function-declaration]
  srand((unsigned)time(NULL)); // Fetch current epoch and use as seed
  ^
C_accumulator_main.c: In function 'main':
C_accumulator_main.c:44:6: warning: unused variable 'pass' [-Wunused-variable]
  int pass = 0; //initialize passing variable to failure
      ^
Info: Linking nios_software.elf
nios2-elf-g++  -T'../nios_software_bsp//linker.x' -msys-crt0='../nios_software_bsp//obj/HAL/src/crt0.o' -msys-lib=hal_bsp -L../nios_software_bsp/   -Wl,-Map=nios_software.map   -O0 -g -Wall   -mno-hw-div -mno-hw-mul -mno-hw-mulx  -o nios_software.elf obj/default/C_accumulator_main.o -lm -msys-lib=m
nios2-elf-insert nios_software.elf --thread_model hal --cpu_name nios2_gen2_0 --qsys true --simulation_enabled false --id 3 --sidp 0x5020 --timestamp 1487617751 --stderr_dev jtag_uart_0 --stdin_dev jtag_uart_0 --stdout_dev jtag_uart_0 --sopc_system_name nios_system --quartus_project_dir "C:/Users/zdw7287/Downloads/Embedded-Systems-Design-I/cpet561/lab3/part1/quartus" --jdi ../..//output_files/lab3.jdi --sopcinfo C:/Users/zdw7287/Downloads/Embedded-Systems-Design-I/cpet561/lab3/part1/quartus/software/nios_software_bsp/../../nios_system.sopcinfo
Info: (nios_software.elf) 18 KBytes program size (code + initialized data).
Info:                     8028 Bytes free for stack + heap.
Info: Creating nios_software.objdump
nios2-elf-objdump --disassemble --syms --all-header --source nios_software.elf >nios_software.objdump
[nios_software build complete]
15:18:07 **** Incremental Build of configuration Nios II for project nios_software ****
make all 
Info: Building ../nios_software_bsp/
C:/altera/15.1/nios2eds/bin/gnu/H-x86_64-mingw32/bin/make --no-print-directory -C ../nios_software_bsp/
[BSP build complete]
Info: Compiling C_accumulator_main.c to obj/default/C_accumulator_main.o
nios2-elf-gcc -xc -MP -MMD -c -I../nios_software_bsp//HAL/inc -I../nios_software_bsp/ -I../nios_software_bsp//drivers/inc  -pipe -D__hal__ -DALT_NO_INSTRUCTION_EMULATION -DALT_SINGLE_THREADED    -O0 -g -Wall   -mno-hw-div -mno-hw-mul -mno-hw-mulx  -o obj/default/C_accumulator_main.o C_accumulator_main.c
C_accumulator_main.c: In function 'getRandomPattern':
C_accumulator_main.c:22:2: warning: implicit declaration of function 'time' [-Wimplicit-function-declaration]
  srand((unsigned)time(NULL)); // Fetch current epoch and use as seed
  ^
C_accumulator_main.c: In function 'main':
C_accumulator_main.c:44:6: warning: unused variable 'pass' [-Wunused-variable]
  int pass = 0; //initialize passing variable to failure
      ^
Info: Linking nios_software.elf
nios2-elf-g++  -T'../nios_software_bsp//linker.x' -msys-crt0='../nios_software_bsp//obj/HAL/src/crt0.o' -msys-lib=hal_bsp -L../nios_software_bsp/   -Wl,-Map=nios_software.map   -O0 -g -Wall   -mno-hw-div -mno-hw-mul -mno-hw-mulx  -o nios_software.elf obj/default/C_accumulator_main.o -lm -msys-lib=m
nios2-elf-insert nios_software.elf --thread_model hal --cpu_name nios2_gen2_0 --qsys true --simulation_enabled false --id 3 --sidp 0x5020 --timestamp 1487617751 --stderr_dev jtag_uart_0 --stdin_dev jtag_uart_0 --stdout_dev jtag_uart_0 --sopc_system_name nios_system --quartus_project_dir "C:/Users/zdw7287/Downloads/Embedded-Systems-Design-I/cpet561/lab3/part1/quartus" --jdi ../..//output_files/lab3.jdi --sopcinfo C:/Users/zdw7287/Downloads/Embedded-Systems-Design-I/cpet561/lab3/part1/quartus/software/nios_software_bsp/../../nios_system.sopcinfo
Info: (nios_software.elf) 18 KBytes program size (code + initialized data).
Info:                     8012 Bytes free for stack + heap.
Info: Creating nios_software.objdump
nios2-elf-objdump --disassemble --syms --all-header --source nios_software.elf >nios_software.objdump
[nios_software build complete]
15:20:30 **** Incremental Build of configuration Nios II for project nios_software ****
make all 
Info: Building ../nios_software_bsp/
C:/altera/15.1/nios2eds/bin/gnu/H-x86_64-mingw32/bin/make --no-print-directory -C ../nios_software_bsp/
[BSP build complete]
Info: Compiling C_accumulator_main.c to obj/default/C_accumulator_main.o
nios2-elf-gcc -xc -MP -MMD -c -I../nios_software_bsp//HAL/inc -I../nios_software_bsp/ -I../nios_software_bsp//drivers/inc  -pipe -D__hal__ -DALT_NO_INSTRUCTION_EMULATION -DALT_SINGLE_THREADED    -O0 -g -Wall   -mno-hw-div -mno-hw-mul -mno-hw-mulx  -o obj/default/C_accumulator_main.o C_accumulator_main.c
C_accumulator_main.c: In function 'getRandomPattern':
C_accumulator_main.c:22:2: warning: implicit declaration of function 'time' [-Wimplicit-function-declaration]
  srand((unsigned)time(NULL)); // Fetch current epoch and use as seed
  ^
C_accumulator_main.c: In function 'main':
C_accumulator_main.c:44:6: warning: unused variable 'pass' [-Wunused-variable]
  int pass = 0; //initialize passing variable to failure
      ^
Info: Linking nios_software.elf
nios2-elf-g++  -T'../nios_software_bsp//linker.x' -msys-crt0='../nios_software_bsp//obj/HAL/src/crt0.o' -msys-lib=hal_bsp -L../nios_software_bsp/   -Wl,-Map=nios_software.map   -O0 -g -Wall   -mno-hw-div -mno-hw-mul -mno-hw-mulx  -o nios_software.elf obj/default/C_accumulator_main.o -lm -msys-lib=m
nios2-elf-insert nios_software.elf --thread_model hal --cpu_name nios2_gen2_0 --qsys true --simulation_enabled false --id 3 --sidp 0x5020 --timestamp 1487617751 --stderr_dev jtag_uart_0 --stdin_dev jtag_uart_0 --stdout_dev jtag_uart_0 --sopc_system_name nios_system --quartus_project_dir "C:/Users/zdw7287/Downloads/Embedded-Systems-Design-I/cpet561/lab3/part1/quartus" --jdi ../..//output_files/lab3.jdi --sopcinfo C:/Users/zdw7287/Downloads/Embedded-Systems-Design-I/cpet561/lab3/part1/quartus/software/nios_software_bsp/../../nios_system.sopcinfo
Info: (nios_software.elf) 18 KBytes program size (code + initialized data).
Info:                     8012 Bytes free for stack + heap.
Info: Creating nios_software.objdump
nios2-elf-objdump --disassemble --syms --all-header --source nios_software.elf >nios_software.objdump
[nios_software build complete]
15:21:51 **** Incremental Build of configuration Nios II for project nios_software ****
make all 
Info: Building ../nios_software_bsp/
C:/altera/15.1/nios2eds/bin/gnu/H-x86_64-mingw32/bin/make --no-print-directory -C ../nios_software_bsp/
[BSP build complete]
Info: Compiling C_accumulator_main.c to obj/default/C_accumulator_main.o
nios2-elf-gcc -xc -MP -MMD -c -I../nios_software_bsp//HAL/inc -I../nios_software_bsp/ -I../nios_software_bsp//drivers/inc  -pipe -D__hal__ -DALT_NO_INSTRUCTION_EMULATION -DALT_SINGLE_THREADED    -O0 -g -Wall   -mno-hw-div -mno-hw-mul -mno-hw-mulx  -o obj/default/C_accumulator_main.o C_accumulator_main.c
C_accumulator_main.c: In function 'getRandomPattern':
C_accumulator_main.c:22:2: warning: implicit declaration of function 'time' [-Wimplicit-function-declaration]
  srand((unsigned)time(NULL)); // Fetch current epoch and use as seed
  ^
C_accumulator_main.c: In function 'main':
C_accumulator_main.c:44:6: warning: unused variable 'pass' [-Wunused-variable]
  int pass = 0; //initialize passing variable to failure
      ^
Info: Linking nios_software.elf
nios2-elf-g++  -T'../nios_software_bsp//linker.x' -msys-crt0='../nios_software_bsp//obj/HAL/src/crt0.o' -msys-lib=hal_bsp -L../nios_software_bsp/   -Wl,-Map=nios_software.map   -O0 -g -Wall   -mno-hw-div -mno-hw-mul -mno-hw-mulx  -o nios_software.elf obj/default/C_accumulator_main.o -lm -msys-lib=m
nios2-elf-insert nios_software.elf --thread_model hal --cpu_name nios2_gen2_0 --qsys true --simulation_enabled false --id 3 --sidp 0x5020 --timestamp 1487617751 --stderr_dev jtag_uart_0 --stdin_dev jtag_uart_0 --stdout_dev jtag_uart_0 --sopc_system_name nios_system --quartus_project_dir "C:/Users/zdw7287/Downloads/Embedded-Systems-Design-I/cpet561/lab3/part1/quartus" --jdi ../..//output_files/lab3.jdi --sopcinfo C:/Users/zdw7287/Downloads/Embedded-Systems-Design-I/cpet561/lab3/part1/quartus/software/nios_software_bsp/../../nios_system.sopcinfo
Info: (nios_software.elf) 18 KBytes program size (code + initialized data).
Info:                     8016 Bytes free for stack + heap.
Info: Creating nios_software.objdump
nios2-elf-objdump --disassemble --syms --all-header --source nios_software.elf >nios_software.objdump
[nios_software build complete]
15:24:54 **** Incremental Build of configuration Nios II for project nios_software ****
make all 
Info: Building ../nios_software_bsp/
C:/altera/15.1/nios2eds/bin/gnu/H-x86_64-mingw32/bin/make --no-print-directory -C ../nios_software_bsp/
[BSP build complete]
Info: Compiling C_accumulator_main.c to obj/default/C_accumulator_main.o
nios2-elf-gcc -xc -MP -MMD -c -I../nios_software_bsp//HAL/inc -I../nios_software_bsp/ -I../nios_software_bsp//drivers/inc  -pipe -D__hal__ -DALT_NO_INSTRUCTION_EMULATION -DALT_SINGLE_THREADED    -O0 -g -Wall   -mno-hw-div -mno-hw-mul -mno-hw-mulx  -o obj/default/C_accumulator_main.o C_accumulator_main.c
C_accumulator_main.c: In function 'getRandomPattern':
C_accumulator_main.c:22:2: warning: implicit declaration of function 'time' [-Wimplicit-function-declaration]
  srand((unsigned)time(NULL)); // Fetch current epoch and use as seed
  ^
C_accumulator_main.c: In function 'main':
C_accumulator_main.c:48:6: warning: unused variable 'pass' [-Wunused-variable]
  int pass = 0; //initialize passing variable to failure
      ^
Info: Linking nios_software.elf
nios2-elf-g++  -T'../nios_software_bsp//linker.x' -msys-crt0='../nios_software_bsp//obj/HAL/src/crt0.o' -msys-lib=hal_bsp -L../nios_software_bsp/   -Wl,-Map=nios_software.map   -O0 -g -Wall   -mno-hw-div -mno-hw-mul -mno-hw-mulx  -o nios_software.elf obj/default/C_accumulator_main.o -lm -msys-lib=m
c:/altera/15.1/nios2eds/bin/gnu/h-x86_64-mingw32/bin/../lib/gcc/nios2-elf/4.9.2/../../../../../H-x86_64-mingw32/nios2-elf/bin/ld.exe: nios_software.elf section `.text' will not fit in region `onchip_memory2_0'
c:/altera/15.1/nios2eds/bin/gnu/h-x86_64-mingw32/bin/../lib/gcc/nios2-elf/4.9.2/../../../../../H-x86_64-mingw32/nios2-elf/bin/ld.exe: address 0x215a4 of nios_software.elf section `.rwdata' is not within region `onchip_memory2_0'
c:/altera/15.1/nios2eds/bin/gnu/h-x86_64-mingw32/bin/../lib/gcc/nios2-elf/4.9.2/../../../../../H-x86_64-mingw32/nios2-elf/bin/ld.exe: address 0x23210 of nios_software.elf section `.bss' is not within region `onchip_memory2_0'
c:/altera/15.1/nios2eds/bin/gnu/h-x86_64-mingw32/bin/../lib/gcc/nios2-elf/4.9.2/../../../../../H-x86_64-mingw32/nios2-elf/bin/ld.exe: address 0x215a4 of nios_software.elf section `.rwdata' is not within region `onchip_memory2_0'
c:/altera/15.1/nios2eds/bin/gnu/h-x86_64-mingw32/bin/../lib/gcc/nios2-elf/4.9.2/../../../../../H-x86_64-mingw32/nios2-elf/bin/ld.exe: address 0x23210 of nios_software.elf section `.bss' is not within region `onchip_memory2_0'
c:/altera/15.1/nios2eds/bin/gnu/h-x86_64-mingw32/bin/../lib/gcc/nios2-elf/4.9.2/../../../../../H-x86_64-mingw32/nios2-elf/bin/ld.exe: region `onchip_memory2_0' overflowed by 45584 bytes
collect2.exe: error: ld returned 1 exit status
make: *** [nios_software.elf] Error 1
15:25:27 **** Incremental Build of configuration Nios II for project nios_software ****
make all 
Info: Building ../nios_software_bsp/
C:/altera/15.1/nios2eds/bin/gnu/H-x86_64-mingw32/bin/make --no-print-directory -C ../nios_software_bsp/
[BSP build complete]
Info: Linking nios_software.elf
nios2-elf-g++  -T'../nios_software_bsp//linker.x' -msys-crt0='../nios_software_bsp//obj/HAL/src/crt0.o' -msys-lib=hal_bsp -L../nios_software_bsp/   -Wl,-Map=nios_software.map   -O0 -g -Wall   -mno-hw-div -mno-hw-mul -mno-hw-mulx  -o nios_software.elf obj/default/C_accumulator_main.o -lm -msys-lib=m
c:/altera/15.1/nios2eds/bin/gnu/h-x86_64-mingw32/bin/../lib/gcc/nios2-elf/4.9.2/../../../../../H-x86_64-mingw32/nios2-elf/bin/ld.exe: nios_software.elf section `.text' will not fit in region `onchip_memory2_0'
c:/altera/15.1/nios2eds/bin/gnu/h-x86_64-mingw32/bin/../lib/gcc/nios2-elf/4.9.2/../../../../../H-x86_64-mingw32/nios2-elf/bin/ld.exe: address 0x215a4 of nios_software.elf section `.rwdata' is not within region `onchip_memory2_0'
c:/altera/15.1/nios2eds/bin/gnu/h-x86_64-mingw32/bin/../lib/gcc/nios2-elf/4.9.2/../../../../../H-x86_64-mingw32/nios2-elf/bin/ld.exe: address 0x23210 of nios_software.elf section `.bss' is not within region `onchip_memory2_0'
c:/altera/15.1/nios2eds/bin/gnu/h-x86_64-mingw32/bin/../lib/gcc/nios2-elf/4.9.2/../../../../../H-x86_64-mingw32/nios2-elf/bin/ld.exe: address 0x215a4 of nios_software.elf section `.rwdata' is not within region `onchip_memory2_0'
c:/altera/15.1/nios2eds/bin/gnu/h-x86_64-mingw32/bin/../lib/gcc/nios2-elf/4.9.2/../../../../../H-x86_64-mingw32/nios2-elf/bin/ld.exe: address 0x23210 of nios_software.elf section `.bss' is not within region `onchip_memory2_0'
c:/altera/15.1/nios2eds/bin/gnu/h-x86_64-mingw32/bin/../lib/gcc/nios2-elf/4.9.2/../../../../../H-x86_64-mingw32/nios2-elf/bin/ld.exe: region `onchip_memory2_0' overflowed by 45584 bytes
collect2.exe: error: ld returned 1 exit status
make: *** [nios_software.elf] Error 1
15:25:43 **** Incremental Build of configuration Nios II for project nios_software ****
make all 
Info: Building ../nios_software_bsp/
C:/altera/15.1/nios2eds/bin/gnu/H-x86_64-mingw32/bin/make --no-print-directory -C ../nios_software_bsp/
[BSP build complete]
Info: Compiling C_accumulator_main.c to obj/default/C_accumulator_main.o
nios2-elf-gcc -xc -MP -MMD -c -I../nios_software_bsp//HAL/inc -I../nios_software_bsp/ -I../nios_software_bsp//drivers/inc  -pipe -D__hal__ -DALT_NO_INSTRUCTION_EMULATION -DALT_SINGLE_THREADED    -O0 -g -Wall   -mno-hw-div -mno-hw-mul -mno-hw-mulx  -o obj/default/C_accumulator_main.o C_accumulator_main.c
C_accumulator_main.c: In function 'getRandomPattern':
C_accumulator_main.c:22:2: warning: implicit declaration of function 'time' [-Wimplicit-function-declaration]
  srand((unsigned)time(NULL)); // Fetch current epoch and use as seed
  ^
C_accumulator_main.c: In function 'main':
C_accumulator_main.c:47:6: warning: unused variable 'pass' [-Wunused-variable]
  int pass = 0; //initialize passing variable to failure
      ^
Info: Linking nios_software.elf
nios2-elf-g++  -T'../nios_software_bsp//linker.x' -msys-crt0='../nios_software_bsp//obj/HAL/src/crt0.o' -msys-lib=hal_bsp -L../nios_software_bsp/   -Wl,-Map=nios_software.map   -O0 -g -Wall   -mno-hw-div -mno-hw-mul -mno-hw-mulx  -o nios_software.elf obj/default/C_accumulator_main.o -lm -msys-lib=m
c:/altera/15.1/nios2eds/bin/gnu/h-x86_64-mingw32/bin/../lib/gcc/nios2-elf/4.9.2/../../../../../H-x86_64-mingw32/nios2-elf/bin/ld.exe: nios_software.elf section `.text' will not fit in region `onchip_memory2_0'
c:/altera/15.1/nios2eds/bin/gnu/h-x86_64-mingw32/bin/../lib/gcc/nios2-elf/4.9.2/../../../../../H-x86_64-mingw32/nios2-elf/bin/ld.exe: address 0x21590 of nios_software.elf section `.rwdata' is not within region `onchip_memory2_0'
c:/altera/15.1/nios2eds/bin/gnu/h-x86_64-mingw32/bin/../lib/gcc/nios2-elf/4.9.2/../../../../../H-x86_64-mingw32/nios2-elf/bin/ld.exe: address 0x231fc of nios_software.elf section `.bss' is not within region `onchip_memory2_0'
c:/altera/15.1/nios2eds/bin/gnu/h-x86_64-mingw32/bin/../lib/gcc/nios2-elf/4.9.2/../../../../../H-x86_64-mingw32/nios2-elf/bin/ld.exe: address 0x21590 of nios_software.elf section `.rwdata' is not within region `onchip_memory2_0'
c:/altera/15.1/nios2eds/bin/gnu/h-x86_64-mingw32/bin/../lib/gcc/nios2-elf/4.9.2/../../../../../H-x86_64-mingw32/nios2-elf/bin/ld.exe: address 0x231fc of nios_software.elf section `.bss' is not within region `onchip_memory2_0'
c:/altera/15.1/nios2eds/bin/gnu/h-x86_64-mingw32/bin/../lib/gcc/nios2-elf/4.9.2/../../../../../H-x86_64-mingw32/nios2-elf/bin/ld.exe: region `onchip_memory2_0' overflowed by 45564 bytes
collect2.exe: error: ld returned 1 exit status
make: *** [nios_software.elf] Error 1
15:26:16 **** Incremental Build of configuration Nios II for project nios_software ****
make all 
Info: Building ../nios_software_bsp/
C:/altera/15.1/nios2eds/bin/gnu/H-x86_64-mingw32/bin/make --no-print-directory -C ../nios_software_bsp/
[BSP build complete]
Info: Compiling C_accumulator_main.c to obj/default/C_accumulator_main.o
nios2-elf-gcc -xc -MP -MMD -c -I../nios_software_bsp//HAL/inc -I../nios_software_bsp/ -I../nios_software_bsp//drivers/inc  -pipe -D__hal__ -DALT_NO_INSTRUCTION_EMULATION -DALT_SINGLE_THREADED    -O0 -g -Wall   -mno-hw-div -mno-hw-mul -mno-hw-mulx  -o obj/default/C_accumulator_main.o C_accumulator_main.c
C_accumulator_main.c: In function 'getRandomPattern':
C_accumulator_main.c:22:2: warning: implicit declaration of function 'time' [-Wimplicit-function-declaration]
  srand((unsigned)time(NULL)); // Fetch current epoch and use as seed
  ^
C_accumulator_main.c: In function 'main':
C_accumulator_main.c:45:6: warning: unused variable 'pass' [-Wunused-variable]
  int pass = 0; //initialize passing variable to failure
      ^
C_accumulator_main.c:44:6: warning: unused variable 't' [-Wunused-variable]
  int t=getRandomPattern();
      ^
Info: Linking nios_software.elf
nios2-elf-g++  -T'../nios_software_bsp//linker.x' -msys-crt0='../nios_software_bsp//obj/HAL/src/crt0.o' -msys-lib=hal_bsp -L../nios_software_bsp/   -Wl,-Map=nios_software.map   -O0 -g -Wall   -mno-hw-div -mno-hw-mul -mno-hw-mulx  -o nios_software.elf obj/default/C_accumulator_main.o -lm -msys-lib=m
nios2-elf-insert nios_software.elf --thread_model hal --cpu_name nios2_gen2_0 --qsys true --simulation_enabled false --id 3 --sidp 0x5020 --timestamp 1487617751 --stderr_dev jtag_uart_0 --stdin_dev jtag_uart_0 --stdout_dev jtag_uart_0 --sopc_system_name nios_system --quartus_project_dir "C:/Users/zdw7287/Downloads/Embedded-Systems-Design-I/cpet561/lab3/part1/quartus" --jdi ../..//output_files/lab3.jdi --sopcinfo C:/Users/zdw7287/Downloads/Embedded-Systems-Design-I/cpet561/lab3/part1/quartus/software/nios_software_bsp/../../nios_system.sopcinfo
Info: (nios_software.elf) 18 KBytes program size (code + initialized data).
Info:                     8008 Bytes free for stack + heap.
Info: Creating nios_software.objdump
nios2-elf-objdump --disassemble --syms --all-header --source nios_software.elf >nios_software.objdump
[nios_software build complete]
15:27:36 **** Incremental Build of configuration Nios II for project nios_software ****
make all 
Info: Building ../nios_software_bsp/
C:/altera/15.1/nios2eds/bin/gnu/H-x86_64-mingw32/bin/make --no-print-directory -C ../nios_software_bsp/
[BSP build complete]
Info: Compiling C_accumulator_main.c to obj/default/C_accumulator_main.o
nios2-elf-gcc -xc -MP -MMD -c -I../nios_software_bsp//HAL/inc -I../nios_software_bsp/ -I../nios_software_bsp//drivers/inc  -pipe -D__hal__ -DALT_NO_INSTRUCTION_EMULATION -DALT_SINGLE_THREADED    -O0 -g -Wall   -mno-hw-div -mno-hw-mul -mno-hw-mulx  -o obj/default/C_accumulator_main.o C_accumulator_main.c
C_accumulator_main.c: In function 'getRandomPattern':
C_accumulator_main.c:22:2: warning: implicit declaration of function 'time' [-Wimplicit-function-declaration]
  srand((unsigned)time(NULL)); // Fetch current epoch and use as seed
  ^
C_accumulator_main.c: In function 'main':
C_accumulator_main.c:49:6: warning: unused variable 'pass' [-Wunused-variable]
  int pass = 0; //initialize passing variable to failure
      ^
C_accumulator_main.c:46:6: warning: variable 'z' set but not used [-Wunused-but-set-variable]
  int z=0;
      ^
C_accumulator_main.c:44:6: warning: variable 't' set but not used [-Wunused-but-set-variable]
  int t=0;
      ^
Info: Linking nios_software.elf
nios2-elf-g++  -T'../nios_software_bsp//linker.x' -msys-crt0='../nios_software_bsp//obj/HAL/src/crt0.o' -msys-lib=hal_bsp -L../nios_software_bsp/   -Wl,-Map=nios_software.map   -O0 -g -Wall   -mno-hw-div -mno-hw-mul -mno-hw-mulx  -o nios_software.elf obj/default/C_accumulator_main.o -lm -msys-lib=m
nios2-elf-insert nios_software.elf --thread_model hal --cpu_name nios2_gen2_0 --qsys true --simulation_enabled false --id 3 --sidp 0x5020 --timestamp 1487617751 --stderr_dev jtag_uart_0 --stdin_dev jtag_uart_0 --stdout_dev jtag_uart_0 --sopc_system_name nios_system --quartus_project_dir "C:/Users/zdw7287/Downloads/Embedded-Systems-Design-I/cpet561/lab3/part1/quartus" --jdi ../..//output_files/lab3.jdi --sopcinfo C:/Users/zdw7287/Downloads/Embedded-Systems-Design-I/cpet561/lab3/part1/quartus/software/nios_software_bsp/../../nios_system.sopcinfo
Info: (nios_software.elf) 18 KBytes program size (code + initialized data).
Info:                     7992 Bytes free for stack + heap.
Info: Creating nios_software.objdump
nios2-elf-objdump --disassemble --syms --all-header --source nios_software.elf >nios_software.objdump
[nios_software build complete]
15:29:50 **** Incremental Build of configuration Nios II for project nios_software ****
make all 
Info: Building ../nios_software_bsp/
C:/altera/15.1/nios2eds/bin/gnu/H-x86_64-mingw32/bin/make --no-print-directory -C ../nios_software_bsp/
[BSP build complete]
Info: Compiling C_accumulator_main.c to obj/default/C_accumulator_main.o
nios2-elf-gcc -xc -MP -MMD -c -I../nios_software_bsp//HAL/inc -I../nios_software_bsp/ -I../nios_software_bsp//drivers/inc  -pipe -D__hal__ -DALT_NO_INSTRUCTION_EMULATION -DALT_SINGLE_THREADED    -O0 -g -Wall   -mno-hw-div -mno-hw-mul -mno-hw-mulx  -o obj/default/C_accumulator_main.o C_accumulator_main.c
C_accumulator_main.c: In function 'getRandomPattern':
C_accumulator_main.c:22:2: warning: implicit declaration of function 'time' [-Wimplicit-function-declaration]
  srand((unsigned)time(NULL)); // Fetch current epoch and use as seed
  ^
C_accumulator_main.c: In function 'main':
C_accumulator_main.c:44:6: warning: unused variable 'pass' [-Wunused-variable]
  int pass = 0; //initialize passing variable to failure
      ^
Info: Linking nios_software.elf
nios2-elf-g++  -T'../nios_software_bsp//linker.x' -msys-crt0='../nios_software_bsp//obj/HAL/src/crt0.o' -msys-lib=hal_bsp -L../nios_software_bsp/   -Wl,-Map=nios_software.map   -O0 -g -Wall   -mno-hw-div -mno-hw-mul -mno-hw-mulx  -o nios_software.elf obj/default/C_accumulator_main.o -lm -msys-lib=m
nios2-elf-insert nios_software.elf --thread_model hal --cpu_name nios2_gen2_0 --qsys true --simulation_enabled false --id 3 --sidp 0x5020 --timestamp 1487617751 --stderr_dev jtag_uart_0 --stdin_dev jtag_uart_0 --stdout_dev jtag_uart_0 --sopc_system_name nios_system --quartus_project_dir "C:/Users/zdw7287/Downloads/Embedded-Systems-Design-I/cpet561/lab3/part1/quartus" --jdi ../..//output_files/lab3.jdi --sopcinfo C:/Users/zdw7287/Downloads/Embedded-Systems-Design-I/cpet561/lab3/part1/quartus/software/nios_software_bsp/../../nios_system.sopcinfo
Info: (nios_software.elf) 18 KBytes program size (code + initialized data).
Info:                     8016 Bytes free for stack + heap.
Info: Creating nios_software.objdump
nios2-elf-objdump --disassemble --syms --all-header --source nios_software.elf >nios_software.objdump
[nios_software build complete]
15:34:17 **** Incremental Build of configuration Nios II for project nios_software ****
make all 
Info: Building ../nios_software_bsp/
C:/altera/15.1/nios2eds/bin/gnu/H-x86_64-mingw32/bin/make --no-print-directory -C ../nios_software_bsp/
[BSP build complete]
Info: Compiling C_accumulator_main.c to obj/default/C_accumulator_main.o
nios2-elf-gcc -xc -MP -MMD -c -I../nios_software_bsp//HAL/inc -I../nios_software_bsp/ -I../nios_software_bsp//drivers/inc  -pipe -D__hal__ -DALT_NO_INSTRUCTION_EMULATION -DALT_SINGLE_THREADED    -O0 -g -Wall   -mno-hw-div -mno-hw-mul -mno-hw-mulx  -o obj/default/C_accumulator_main.o C_accumulator_main.c
C_accumulator_main.c: In function 'getRandomPattern':
C_accumulator_main.c:22:2: warning: implicit declaration of function 'time' [-Wimplicit-function-declaration]
  srand((unsigned)time(NULL)); // Fetch current epoch and use as seed
  ^
C_accumulator_main.c: In function 'main':
C_accumulator_main.c:44:6: warning: unused variable 'pass' [-Wunused-variable]
  int pass = 0; //initialize passing variable to failure
      ^
Info: Linking nios_software.elf
nios2-elf-g++  -T'../nios_software_bsp//linker.x' -msys-crt0='../nios_software_bsp//obj/HAL/src/crt0.o' -msys-lib=hal_bsp -L../nios_software_bsp/   -Wl,-Map=nios_software.map   -O0 -g -Wall   -mno-hw-div -mno-hw-mul -mno-hw-mulx  -o nios_software.elf obj/default/C_accumulator_main.o -lm -msys-lib=m
nios2-elf-insert nios_software.elf --thread_model hal --cpu_name nios2_gen2_0 --qsys true --simulation_enabled false --id 3 --sidp 0x5020 --timestamp 1487617751 --stderr_dev jtag_uart_0 --stdin_dev jtag_uart_0 --stdout_dev jtag_uart_0 --sopc_system_name nios_system --quartus_project_dir "C:/Users/zdw7287/Downloads/Embedded-Systems-Design-I/cpet561/lab3/part1/quartus" --jdi ../..//output_files/lab3.jdi --sopcinfo C:/Users/zdw7287/Downloads/Embedded-Systems-Design-I/cpet561/lab3/part1/quartus/software/nios_software_bsp/../../nios_system.sopcinfo
Info: (nios_software.elf) 18 KBytes program size (code + initialized data).
Info:                     8012 Bytes free for stack + heap.
Info: Creating nios_software.objdump
nios2-elf-objdump --disassemble --syms --all-header --source nios_software.elf >nios_software.objdump
[nios_software build complete]
15:37:44 **** Incremental Build of configuration Nios II for project nios_software ****
make all 
Info: Building ../nios_software_bsp/
C:/altera/15.1/nios2eds/bin/gnu/H-x86_64-mingw32/bin/make --no-print-directory -C ../nios_software_bsp/
[BSP build complete]
Info: Compiling C_accumulator_main.c to obj/default/C_accumulator_main.o
nios2-elf-gcc -xc -MP -MMD -c -I../nios_software_bsp//HAL/inc -I../nios_software_bsp/ -I../nios_software_bsp//drivers/inc  -pipe -D__hal__ -DALT_NO_INSTRUCTION_EMULATION -DALT_SINGLE_THREADED    -O0 -g -Wall   -mno-hw-div -mno-hw-mul -mno-hw-mulx  -o obj/default/C_accumulator_main.o C_accumulator_main.c
C_accumulator_main.c: In function 'getRandomPattern':
C_accumulator_main.c:22:2: warning: implicit declaration of function 'time' [-Wimplicit-function-declaration]
  srand((unsigned)time(NULL)); // Fetch current epoch and use as seed
  ^
C_accumulator_main.c: In function 'main':
C_accumulator_main.c:43:6: warning: unused variable 'pass' [-Wunused-variable]
  int pass = 0; //initialize passing variable to failure
      ^
Info: Linking nios_software.elf
nios2-elf-g++  -T'../nios_software_bsp//linker.x' -msys-crt0='../nios_software_bsp//obj/HAL/src/crt0.o' -msys-lib=hal_bsp -L../nios_software_bsp/   -Wl,-Map=nios_software.map   -O0 -g -Wall   -mno-hw-div -mno-hw-mul -mno-hw-mulx  -o nios_software.elf obj/default/C_accumulator_main.o -lm -msys-lib=m
nios2-elf-insert nios_software.elf --thread_model hal --cpu_name nios2_gen2_0 --qsys true --simulation_enabled false --id 3 --sidp 0x5020 --timestamp 1487617751 --stderr_dev jtag_uart_0 --stdin_dev jtag_uart_0 --stdout_dev jtag_uart_0 --sopc_system_name nios_system --quartus_project_dir "C:/Users/zdw7287/Downloads/Embedded-Systems-Design-I/cpet561/lab3/part1/quartus" --jdi ../..//output_files/lab3.jdi --sopcinfo C:/Users/zdw7287/Downloads/Embedded-Systems-Design-I/cpet561/lab3/part1/quartus/software/nios_software_bsp/../../nios_system.sopcinfo
Info: (nios_software.elf) 18 KBytes program size (code + initialized data).
Info:                     8024 Bytes free for stack + heap.
Info: Creating nios_software.objdump
nios2-elf-objdump --disassemble --syms --all-header --source nios_software.elf >nios_software.objdump
[nios_software build complete]
15:39:50 **** Incremental Build of configuration Nios II for project nios_software ****
make all 
Info: Building ../nios_software_bsp/
C:/altera/15.1/nios2eds/bin/gnu/H-x86_64-mingw32/bin/make --no-print-directory -C ../nios_software_bsp/
[BSP build complete]
Info: Compiling C_accumulator_main.c to obj/default/C_accumulator_main.o
nios2-elf-gcc -xc -MP -MMD -c -I../nios_software_bsp//HAL/inc -I../nios_software_bsp/ -I../nios_software_bsp//drivers/inc  -pipe -D__hal__ -DALT_NO_INSTRUCTION_EMULATION -DALT_SINGLE_THREADED    -O0 -g -Wall   -mno-hw-div -mno-hw-mul -mno-hw-mulx  -o obj/default/C_accumulator_main.o C_accumulator_main.c
C_accumulator_main.c: In function 'getRandomPattern':
C_accumulator_main.c:22:2: warning: implicit declaration of function 'time' [-Wimplicit-function-declaration]
  srand((unsigned)time(NULL)); // Fetch current epoch and use as seed
  ^
C_accumulator_main.c: In function 'main':
C_accumulator_main.c:44:6: warning: unused variable 'pass' [-Wunused-variable]
  int pass = 0; //initialize passing variable to failure
      ^
Info: Linking nios_software.elf
nios2-elf-g++  -T'../nios_software_bsp//linker.x' -msys-crt0='../nios_software_bsp//obj/HAL/src/crt0.o' -msys-lib=hal_bsp -L../nios_software_bsp/   -Wl,-Map=nios_software.map   -O0 -g -Wall   -mno-hw-div -mno-hw-mul -mno-hw-mulx  -o nios_software.elf obj/default/C_accumulator_main.o -lm -msys-lib=m
nios2-elf-insert nios_software.elf --thread_model hal --cpu_name nios2_gen2_0 --qsys true --simulation_enabled false --id 3 --sidp 0x5020 --timestamp 1487617751 --stderr_dev jtag_uart_0 --stdin_dev jtag_uart_0 --stdout_dev jtag_uart_0 --sopc_system_name nios_system --quartus_project_dir "C:/Users/zdw7287/Downloads/Embedded-Systems-Design-I/cpet561/lab3/part1/quartus" --jdi ../..//output_files/lab3.jdi --sopcinfo C:/Users/zdw7287/Downloads/Embedded-Systems-Design-I/cpet561/lab3/part1/quartus/software/nios_software_bsp/../../nios_system.sopcinfo
Info: (nios_software.elf) 18 KBytes program size (code + initialized data).
Info:                     8000 Bytes free for stack + heap.
Info: Creating nios_software.objdump
nios2-elf-objdump --disassemble --syms --all-header --source nios_software.elf >nios_software.objdump
[nios_software build complete]
15:40:19 **** Incremental Build of configuration Nios II for project nios_software ****
make all 
Info: Building ../nios_software_bsp/
C:/altera/15.1/nios2eds/bin/gnu/H-x86_64-mingw32/bin/make --no-print-directory -C ../nios_software_bsp/
[BSP build complete]
[nios_software build complete]
15:42:46 **** Incremental Build of configuration Nios II for project nios_software ****
make all 
Info: Building ../nios_software_bsp/
C:/altera/15.1/nios2eds/bin/gnu/H-x86_64-mingw32/bin/make --no-print-directory -C ../nios_software_bsp/
[BSP build complete]
Info: Compiling C_accumulator_main.c to obj/default/C_accumulator_main.o
nios2-elf-gcc -xc -MP -MMD -c -I../nios_software_bsp//HAL/inc -I../nios_software_bsp/ -I../nios_software_bsp//drivers/inc  -pipe -D__hal__ -DALT_NO_INSTRUCTION_EMULATION -DALT_SINGLE_THREADED    -O0 -g -Wall   -mno-hw-div -mno-hw-mul -mno-hw-mulx  -o obj/default/C_accumulator_main.o C_accumulator_main.c
C_accumulator_main.c: In function 'getRandomPattern':
C_accumulator_main.c:22:2: warning: implicit declaration of function 'time' [-Wimplicit-function-declaration]
  srand((unsigned)time(NULL)); // Fetch current epoch and use as seed
  ^
C_accumulator_main.c: In function 'main':
C_accumulator_main.c:44:6: warning: unused variable 'pass' [-Wunused-variable]
  int pass = 0; //initialize passing variable to failure
      ^
Info: Linking nios_software.elf
nios2-elf-g++  -T'../nios_software_bsp//linker.x' -msys-crt0='../nios_software_bsp//obj/HAL/src/crt0.o' -msys-lib=hal_bsp -L../nios_software_bsp/   -Wl,-Map=nios_software.map   -O0 -g -Wall   -mno-hw-div -mno-hw-mul -mno-hw-mulx  -o nios_software.elf obj/default/C_accumulator_main.o -lm -msys-lib=m
nios2-elf-insert nios_software.elf --thread_model hal --cpu_name nios2_gen2_0 --qsys true --simulation_enabled false --id 3 --sidp 0x5020 --timestamp 1487617751 --stderr_dev jtag_uart_0 --stdin_dev jtag_uart_0 --stdout_dev jtag_uart_0 --sopc_system_name nios_system --quartus_project_dir "C:/Users/zdw7287/Downloads/Embedded-Systems-Design-I/cpet561/lab3/part1/quartus" --jdi ../..//output_files/lab3.jdi --sopcinfo C:/Users/zdw7287/Downloads/Embedded-Systems-Design-I/cpet561/lab3/part1/quartus/software/nios_software_bsp/../../nios_system.sopcinfo
Info: (nios_software.elf) 18 KBytes program size (code + initialized data).
Info:                     8000 Bytes free for stack + heap.
Info: Creating nios_software.objdump
nios2-elf-objdump --disassemble --syms --all-header --source nios_software.elf >nios_software.objdump
[nios_software build complete]
15:45:01 **** Incremental Build of configuration Nios II for project nios_software ****
make all 
Info: Building ../nios_software_bsp/
C:/altera/15.1/nios2eds/bin/gnu/H-x86_64-mingw32/bin/make --no-print-directory -C ../nios_software_bsp/
[BSP build complete]
[nios_software build complete]
